#Timing report of worst 1 path(s)
# Unit scale: 1e-09 seconds
# Output precision: 3

#Path 1
Startpoint: B.inpad[0] (.input clocked by virtual_io_clock)
Endpoint  : out:Y.outpad[0] (.output clocked by virtual_io_clock)
Path Type : setup

Point                                                             Incr      Path
--------------------------------------------------------------------------------
clock virtual_io_clock (rise edge)                               0.000     0.000
clock source latency                                             0.000     0.000
input external delay                                             0.000     0.000
B.inpad[0] (.input)                                              0.000     0.000
Y.in[0] (.names)                                                 0.364     0.364
Y.out[0] (.names)                                                0.235     0.599
out:Y.outpad[0] (.output)                                        0.495     1.094
data arrival time                                                          1.094

clock virtual_io_clock (rise edge)                               0.000     0.000
clock source latency                                             0.000     0.000
clock uncertainty                                                0.000     0.000
output external delay                                            0.000     0.000
data required time                                                         0.000
--------------------------------------------------------------------------------
data required time                                                         0.000
data arrival time                                                         -1.094
--------------------------------------------------------------------------------
slack (VIOLATED)                                                          -1.094


#End of timing report
