VPR FPGA Placement and Routing.
Version: 8.1.0-dev+9e53e9a0a
Revision: v8.0.0-7093-g9e53e9a0a
Compiled: 2023-03-22T18:43:34
Compiler: GNU 11.3.0 on Linux-5.19.0-35-generic x86_64
Build Info: release IPO VTR_ASSERT_LEVEL=2

University of Toronto
verilogtorouting.org
vtr-users@googlegroups.com
This is free open source code under MIT license.

VPR was run with the following command-line:
vpr /home/fizza/work/or/run003/k6_frac_N10_adder_chain_40nm/or2/MIN_ROUTE_CHAN_WIDTH/arch/k6_frac_N10_adder_chain_40nm.xml or2.blif --clock_modeling route


Architecture file: /home/fizza/work/or/run003/k6_frac_N10_adder_chain_40nm/or2/MIN_ROUTE_CHAN_WIDTH/arch/k6_frac_N10_adder_chain_40nm.xml
Circuit name: or2

# Loading Architecture Description
Warning 1: Model 'io' input port 'outpad' has no timing specification (no clock specified to create a sequential input port, not combinationally connected to any outputs, not a clock input)
Warning 2: Model 'io' output port 'inpad' has no timing specification (no clock specified to create a sequential output port, not combinationally connected to any inputs, not a clock output)
Warning 3: Model 'frac_lut6' input port 'in' has no timing specification (no clock specified to create a sequential input port, not combinationally connected to any outputs, not a clock input)
Warning 4: Model 'frac_lut6' output port 'lut6_out' has no timing specification (no clock specified to create a sequential output port, not combinationally connected to any inputs, not a clock output)
Warning 5: Model 'frac_lut6' output port 'lut5_out' has no timing specification (no clock specified to create a sequential output port, not combinationally connected to any inputs, not a clock output)
Warning 6: Model 'frac_lut6' output port 'lut4_out' has no timing specification (no clock specified to create a sequential output port, not combinationally connected to any inputs, not a clock output)
mode 'io[physical]' is defined by user to be disabled in packing
mode 'fle[physical]' is defined by user to be disabled in packing
mode 'fabric[default]' is defined by user to be disabled in packing
mode 'frac_logic[default]' is defined by user to be disabled in packing
# Loading Architecture Description took 0.00 seconds (max_rss 18.4 MiB, delta_rss +1.2 MiB)

Timing analysis: ON
Circuit netlist file: or2.net
Circuit placement file: or2.place
Circuit routing file: or2.route
Circuit SDC file: or2.sdc
Vpr floorplanning constraints file: not specified

Packer: ENABLED
Placer: ENABLED
Router: ENABLED
Analysis: ENABLED

VPR was run with the following options:

NetlistOpts.abosrb_buffer_luts            : true
NetlistOpts.sweep_dangling_primary_ios    : true
NetlistOpts.sweep_dangling_nets           : true
NetlistOpts.sweep_dangling_blocks         : true
NetlistOpts.sweep_constant_primary_outputs: false
NetlistOpts.netlist_verbosity             : 1
NetlistOpts.const_gen_inference           : COMB_SEQ

PackerOpts.allow_unrelated_clustering: auto
PackerOpts.alpha_clustering: 0.750000
PackerOpts.beta_clustering: 0.900000
PackerOpts.cluster_seed_type: BLEND2
PackerOpts.connection_driven: true
PackerOpts.global_clocks: true
PackerOpts.hill_climbing_flag: false
PackerOpts.inter_cluster_net_delay: 1.000000
PackerOpts.timing_driven: true
PackerOpts.target_external_pin_util: auto

PlacerOpts.place_freq: PLACE_ONCE
PlacerOpts.place_algorithm: CRITICALITY_TIMING_PLACE
PlacerOpts.pad_loc_type: FREE
PlacerOpts.constraints_file: No constraints file given
PlacerOpts.place_cost_exp: 1.000000
PlacerOpts.place_chan_width: 100
PlacerOpts.inner_loop_recompute_divider: 0
PlacerOpts.recompute_crit_iter: 1
PlacerOpts.timing_tradeoff: 0.500000
PlacerOpts.td_place_exp_first: 1.000000
PlacerOpts.td_place_exp_last: 8.000000
PlacerOpts.delay_offset: 0.000000
PlacerOpts.delay_ramp_delta_threshold: -1
PlacerOpts.delay_ramp_slope: 0.000000
PlacerOpts.tsu_rel_margin: 1.000000
PlacerOpts.tsu_abs_margin: 0.000000
PlacerOpts.post_place_timing_report_file: 
PlacerOpts.allowed_tiles_for_delay_model: 
PlacerOpts.delay_model_reducer: MIN
PlacerOpts.delay_model_type: DELTA
PlacerOpts.rlim_escape_fraction: 0.000000
PlacerOpts.move_stats_file: 
PlacerOpts.placement_saves_per_temperature: 0
PlacerOpts.effort_scaling: CIRCUIT
PlacerOpts.place_delta_delay_matrix_calculation_method: ASTAR_ROUTE
PlaceOpts.seed: 0
AnnealSched.type: AUTO_SCHED
AnnealSched.inner_num: 0.500000

RouterOpts.route_type: DETAILED
RouterOpts.flat_routing: false
RouterOpts.router_algorithm: TIMING_DRIVEN
RouterOpts.base_cost_type: DELAY_NORMALIZED_LENGTH
RouterOpts.fixed_channel_width: NO_FIXED_CHANNEL_WIDTH
RouterOpts.check_route: FULL
RouterOpts.trim_empty_chan: false
RouterOpts.trim_obs_chan: false
RouterOpts.acc_fac: 1.000000
RouterOpts.bb_factor: 3
RouterOpts.bend_cost: 0.000000
RouterOpts.first_iter_pres_fac: 0.000000
RouterOpts.initial_pres_fac: 0.500000
RouterOpts.pres_fac_mult: 1.300000
RouterOpts.max_router_iterations: 50
RouterOpts.min_incremental_reroute_fanout: 16
RouterOpts.do_check_rr_graph: true
RouterOpts.verify_binary_search: false
RouterOpts.min_channel_width_hint: 0
RouterOpts.read_rr_edge_metadata: false
RouterOpts.exit_after_first_routing_iteration: false
RouterOpts.astar_fac: 1.200000
RouterOpts.router_profiler_astar_fac: 1.200000
RouterOpts.criticality_exp: 1.000000
RouterOpts.max_criticality: 0.990000
RouterOpts.init_wirelength_abort_threshold: 0.850000
RouterOpts.save_routing_per_iteration: false
RouterOpts.congested_routing_iteration_threshold_frac: 1.000000
RouterOpts.high_fanout_threshold: 64
RouterOpts.router_debug_net: -2
RouterOpts.router_debug_sink_rr: -2
RouterOpts.router_debug_iteration: -2
RouterOpts.max_convergence_count: 1
RouterOpts.reconvergence_cpd_threshold: 0.990000
RouterOpts.update_lower_bound_delays: true
RouterOpts.first_iteration_timing_report_file: 
RouterOpts.incr_reroute_delay_ripup: AUTO
RouterOpts.route_bb_update: DYNAMIC
RouterOpts.lookahead_type: MAP
RouterOpts.initial_timing: LOOKAHEAD
RouterOpts.router_heap: BINARY_HEAP
RouterOpts.routing_failure_predictor = SAFE
RouterOpts.routing_budgets_algorithm = DISABLE

AnalysisOpts.gen_post_synthesis_netlist: false
AnalysisOpts.timing_report_npaths: 100
AnalysisOpts.timing_report_skew: false
AnalysisOpts.echo_dot_timing_graph_node: -1
AnalysisOpts.timing_report_detail: NETLIST
AnalysisOpts.post_synth_netlist_unconn_input_handling: UNCONNECTED
AnalysisOpts.post_synth_netlist_unconn_output_handling: UNCONNECTED

# Building complex block graph
# Building complex block graph took 0.05 seconds (max_rss 21.5 MiB, delta_rss +3.1 MiB)
Circuit file: or2.blif
# Load circuit
# Load circuit took 0.00 seconds (max_rss 21.9 MiB, delta_rss +0.4 MiB)
# Clean circuit
Absorbed 0 LUT buffers
Inferred    0 additional primitive pins as constant generators since they have no combinationally connected inputs
Inferred    0 additional primitive pins as constant generators due to constant inputs
Swept input(s)      : 0
Swept output(s)     : 0 (0 dangling, 0 constant)
Swept net(s)        : 0
Swept block(s)      : 0
Constant Pins Marked: 0
# Clean circuit took 0.00 seconds (max_rss 22.0 MiB, delta_rss +0.0 MiB)
# Compress circuit
# Compress circuit took 0.00 seconds (max_rss 22.0 MiB, delta_rss +0.0 MiB)
# Verify circuit
# Verify circuit took 0.00 seconds (max_rss 22.0 MiB, delta_rss +0.0 MiB)
Circuit Statistics:
  Blocks: 4
    .input :       2
    .output:       1
    6-LUT  :       1
  Nets  : 3
    Avg Fanout:     1.0
    Max Fanout:     1.0
    Min Fanout:     1.0
  Netlist Clocks: 0
# Build Timing Graph
  Timing Graph Nodes: 6
  Timing Graph Edges: 5
  Timing Graph Levels: 4
# Build Timing Graph took 0.00 seconds (max_rss 22.2 MiB, delta_rss +0.1 MiB)
Netlist contains 0 clocks
# Load Timing Constraints

SDC file 'or2.sdc' not found
Setting default timing constraints:
   * constrain all primay inputs and primary outputs on a virtual external clock 'virtual_io_clock'
   * optimize virtual clock to run as fast as possible
Timing constraints created 1 clocks
  Constrained Clock 'virtual_io_clock' (Virtual Clock)

# Load Timing Constraints took 0.00 seconds (max_rss 22.2 MiB, delta_rss +0.0 MiB)
# Packing
Begin packing 'or2.blif'.

After removing unused inputs...
	total blocks: 4, total nets: 3, total inputs: 2, total outputs: 1
Begin prepacking.

There is one chain in this architecture called "chain" with the following starting points:
	clb[0]/fle[0]/arithmetic[0]/adder[0].cin[0]

0 attraction groups were created during prepacking.
Finish prepacking.
Using inter-cluster delay: 1.33777e-09
Packing with pin utilization targets: io:1,1 clb:0.8,1
Packing with high fanout thresholds: io:128 clb:32
Starting Clustering - Clustering Progress: 
-------------------   --------------------------   ---------
Molecules processed   Number of clusters created   FPGA size
-------------------   --------------------------   ---------

Logic Element (fle) detailed count:
  Total number of Logic Elements used : 1
  LEs used for logic and registers    : 0
  LEs used for logic only             : 1
  LEs used for registers only         : 0

Incr Slack updates 1 in 3.562e-06 sec
Full Max Req/Worst Slack updates 1 in 2.43e-06 sec
Incr Max Req/Worst Slack updates 0 in 0 sec
Incr Criticality updates 0 in 0 sec
Full Criticality updates 1 in 3.039e-06 sec
FPGA sized to 3 x 3 (auto)
Device Utilization: 0.15 (target 1.00)
	Block Utilization: 0.09 Type: io
	Block Utilization: 1.00 Type: clb

Start the iterative improvement process
the iterative improvement process is done
Final Clustering Statistics: 
----------   --------   ------------------------------------   --------------------------
Block Type   # Blocks   Avg. # of input clocks and pins used   Avg. # of output pins used
----------   --------   ------------------------------------   --------------------------
     EMPTY          0                                      0                            0   
        io          3                               0.333333                     0.666667   
       clb          1                                      2                            1   
Absorbed logical nets 0 out of 3 nets, 3 nets not absorbed.

Netlist conversion complete.

# Packing took 0.00 seconds (max_rss 22.4 MiB, delta_rss +0.1 MiB)
# Load packing
Begin loading packed FPGA netlist file.
Netlist generated from file 'or2.net'.
Detected 0 constant generators (to see names run with higher pack verbosity)
Finished loading packed FPGA netlist file (took 0.041057 seconds).
Warning 7: Treated 0 constant nets as global which will not be routed (to see net names increase packer verbosity).
# Load packing took 0.04 seconds (max_rss 60.4 MiB, delta_rss +38.0 MiB)
Warning 8: Netlist contains 0 global net to non-global architecture pin connections

Pb types usage...
  io         : 3
   inpad     : 2
   outpad    : 1
  clb        : 1
   fle       : 1
    ble5     : 1
     lut5    : 1
      lut    : 1

# Create Device
## Build Device Grid
FPGA sized to 3 x 3: 9 grid tiles (auto)

Resource usage...
	Netlist
		3	blocks of type: io
	Architecture
		32	blocks of type: io
	Netlist
		1	blocks of type: clb
	Architecture
		1	blocks of type: clb

Device Utilization: 0.15 (target 1.00)
	Physical Tile io:
	Block Utilization: 0.09 Logical Block: io
	Physical Tile clb:
	Block Utilization: 1.00 Logical Block: clb

## Build Device Grid took 0.00 seconds (max_rss 60.6 MiB, delta_rss +0.0 MiB)
## Build routing resource graph
SOURCE->OPIN and IPIN->SINK edge count:127
OPIN->CHANX/CHANY edge count before creating direct connections: 520
OPIN->CHANX/CHANY edge count after creating direct connections: 520
CHAN->CHAN type edge count:1528
## Build routing resource graph took 0.00 seconds (max_rss 60.6 MiB, delta_rss +0.0 MiB)
  RR Graph Nodes: 615
  RR Graph Edges: 2175
# Create Device took 0.00 seconds (max_rss 60.6 MiB, delta_rss +0.0 MiB)

# Computing router lookahead map
## Computing wire lookahead
## Computing wire lookahead took 0.00 seconds (max_rss 60.6 MiB, delta_rss +0.0 MiB)
## Computing src/opin lookahead
Warning 9: Found no more sample locations for SOURCE in clb
Warning 10: Found no more sample locations for OPIN in clb
## Computing src/opin lookahead took 0.00 seconds (max_rss 60.6 MiB, delta_rss +0.0 MiB)
# Computing router lookahead map took 0.00 seconds (max_rss 60.6 MiB, delta_rss +0.0 MiB)
# Computing placement delta delay look-up
## Build routing resource graph
SOURCE->OPIN and IPIN->SINK edge count:127
OPIN->CHANX/CHANY edge count before creating direct connections: 320
OPIN->CHANX/CHANY edge count after creating direct connections: 320
CHAN->CHAN type edge count:970
## Build routing resource graph took 0.00 seconds (max_rss 60.6 MiB, delta_rss +0.0 MiB)
  RR Graph Nodes: 471
  RR Graph Edges: 1417
## Computing router lookahead map
### Computing wire lookahead
### Computing wire lookahead took 0.00 seconds (max_rss 60.6 MiB, delta_rss +0.0 MiB)
### Computing src/opin lookahead
Warning 11: Found no more sample locations for SOURCE in clb
Warning 12: Found no more sample locations for OPIN in clb
### Computing src/opin lookahead took 0.00 seconds (max_rss 60.6 MiB, delta_rss +0.0 MiB)
## Computing router lookahead map took 0.00 seconds (max_rss 60.6 MiB, delta_rss +0.0 MiB)
## Computing delta delays
## Computing delta delays took 0.00 seconds (max_rss 60.6 MiB, delta_rss +0.0 MiB)
# Computing placement delta delay look-up took 0.00 seconds (max_rss 60.6 MiB, delta_rss +0.0 MiB)
Using simple RL 'Softmax agent' for choosing move types
# Placement
## Initial Placement
Initial placement iteration 0 has finished successfully
## Initial Placement took 0.00 seconds (max_rss 60.6 MiB, delta_rss +0.0 MiB)

There are 3 point to point connections in this circuit.


BB estimate of min-dist (placement) wire length: 6

Completed placement consistency check successfully.
Initial placement cost: 1 bb_cost: 0.09375 td_cost: 4.51927e-10
Initial placement estimated Critical Path Delay (CPD): 0.713074 ns
Initial placement estimated setup Total Negative Slack (sTNS): -0.713074 ns
Initial placement estimated setup Worst Negative Slack (sWNS): -0.713074 ns

Initial placement estimated setup slack histogram:
[ -7.1e-10: -7.1e-10) 1 (100.0%) |**************************************************
[ -7.1e-10: -7.1e-10) 0 (  0.0%) |
[ -7.1e-10: -7.1e-10) 0 (  0.0%) |
[ -7.1e-10: -7.1e-10) 0 (  0.0%) |
[ -7.1e-10: -7.1e-10) 0 (  0.0%) |
[ -7.1e-10: -7.1e-10) 0 (  0.0%) |
[ -7.1e-10: -7.1e-10) 0 (  0.0%) |
[ -7.1e-10: -7.1e-10) 0 (  0.0%) |
[ -7.1e-10: -7.1e-10) 0 (  0.0%) |
[ -7.1e-10: -7.1e-10) 0 (  0.0%) |
Placement contains 0 placement macros involving 0 blocks (average macro size -nan)

Moves per temperature: 3
Warning 13: Starting t: 1 of 3 configurations accepted.

---- ------ ------- ------- ---------- ---------- ------- ---------- -------- ------- ------- ------ -------- --------- ------
Tnum   Time       T Av Cost Av BB Cost Av TD Cost     CPD       sTNS     sWNS Ac Rate Std Dev  R lim Crit Exp Tot Moves  Alpha
      (sec)                                          (ns)       (ns)     (ns)                                                 
---- ------ ------- ------- ---------- ---------- ------- ---------- -------- ------- ------- ------ -------- --------- ------
   1    0.0 0.0e+00   1.000       0.09 4.5193e-10   0.713     -0.713   -0.713   1.000  0.0000    2.0     1.00         3  0.200
   2    0.0 0.0e+00   1.000       0.09 4.5193e-10   0.713     -0.713   -0.713   0.667  0.0000    2.0     1.00         6  0.500
## Placement Quench took 0.00 seconds (max_rss 60.6 MiB)
post-quench CPD = 0.713074 (ns) 

BB estimate of min-dist (placement) wire length: 6

Completed placement consistency check successfully.

Swaps called: 9

Aborted Move Reasons:
  No moves aborted

Placement estimated critical path delay (least slack): 0.713074 ns, Fmax: 1402.38 MHz
Placement estimated setup Worst Negative Slack (sWNS): -0.713074 ns
Placement estimated setup Total Negative Slack (sTNS): -0.713074 ns

Placement estimated setup slack histogram:
[ -7.1e-10: -7.1e-10) 1 (100.0%) |**************************************************
[ -7.1e-10: -7.1e-10) 0 (  0.0%) |
[ -7.1e-10: -7.1e-10) 0 (  0.0%) |
[ -7.1e-10: -7.1e-10) 0 (  0.0%) |
[ -7.1e-10: -7.1e-10) 0 (  0.0%) |
[ -7.1e-10: -7.1e-10) 0 (  0.0%) |
[ -7.1e-10: -7.1e-10) 0 (  0.0%) |
[ -7.1e-10: -7.1e-10) 0 (  0.0%) |
[ -7.1e-10: -7.1e-10) 0 (  0.0%) |
[ -7.1e-10: -7.1e-10) 0 (  0.0%) |

Placement estimated geomean non-virtual intra-domain period: nan ns (nan MHz)
Placement estimated fanout-weighted geomean non-virtual intra-domain period: nan ns (nan MHz)

Placement cost: 1, bb_cost: 0.09375, td_cost: 4.51927e-10, 

Placement resource usage:
  io  implemented as io : 3
  clb implemented as clb: 1

Placement number of temperatures: 2
Placement total # of swap attempts: 9
	Swaps accepted: 6 (66.7 %)
	Swaps rejected: 3 (33.3 %)
	Swaps aborted : 0 ( 0.0 %)


Percentage of different move types:
	Uniform move: 33.33 % (acc=33.33 %, rej=66.67 %, aborted=0.00 %)
	Median move: 11.11 % (acc=100.00 %, rej=0.00 %, aborted=0.00 %)
	W. Centroid move: 11.11 % (acc=100.00 %, rej=0.00 %, aborted=0.00 %)
	Centroid move: 33.33 % (acc=66.67 %, rej=33.33 %, aborted=0.00 %)
	Crit. Uniform move: 11.11 % (acc=100.00 %, rej=0.00 %, aborted=0.00 %)

Placement Quench timing analysis took 2.2508e-05 seconds (1.5904e-05 STA, 6.604e-06 slack) (1 full updates: 1 setup, 0 hold, 0 combined).
Placement Total  timing analysis took 7.855e-05 seconds (4.8339e-05 STA, 3.0211e-05 slack) (4 full updates: 4 setup, 0 hold, 0 combined).
update_td_costs: connections 0 nets 0 sum_nets 0 total 0
# Placement took 0.00 seconds (max_rss 60.6 MiB, delta_rss +0.0 MiB)

# Routing
Initializing minimum channel width search based on maximum CLB pins

Attempting to route at 64 channels (binary search bounds: [-1, -1])
RR graph channel widths unchanged, skipping RR graph rebuild
Confirming router algorithm: TIMING_DRIVEN.
## Initializing router criticalities
Initial Net Connection Criticality Histogram:
[        0:      0.1) 0 (  0.0%) |
[      0.1:      0.2) 0 (  0.0%) |
[      0.2:      0.3) 0 (  0.0%) |
[      0.3:      0.4) 0 (  0.0%) |
[      0.4:      0.5) 0 (  0.0%) |
[      0.5:      0.6) 0 (  0.0%) |
[      0.6:      0.7) 0 (  0.0%) |
[      0.7:      0.8) 0 (  0.0%) |
[      0.8:      0.9) 1 ( 33.3%) |*************************
[      0.9:        1) 2 ( 66.7%) |*************************************************
## Initializing router criticalities took 0.00 seconds (max_rss 60.6 MiB, delta_rss +0.0 MiB)
---- ------ ------- ---- ------- ------- ------- ----------------- --------------- -------- ---------- ---------- ---------- ---------- --------
Iter   Time    pres  BBs    Heap  Re-Rtd  Re-Rtd Overused RR Nodes      Wirelength      CPD       sTNS       sWNS       hTNS       hWNS Est Succ
      (sec)     fac Updt    push    Nets   Conns                                       (ns)       (ns)       (ns)       (ns)       (ns)     Iter
---- ------ ------- ---- ------- ------- ------- ----------------- --------------- -------- ---------- ---------- ---------- ---------- --------
   1    0.0     0.0    0      86       3       3       0 ( 0.000%)       9 ( 3.5%)    1.096     -1.096     -1.096      0.000      0.000      N/A
Incr Slack updates 4 in 8.987e-06 sec
Full Max Req/Worst Slack updates 1 in 2.259e-06 sec
Incr Max Req/Worst Slack updates 3 in 6.054e-06 sec
Incr Criticality updates 3 in 6.839e-06 sec
Full Criticality updates 1 in 2.604e-06 sec
Restoring best routing
Critical path: 1.0957 ns
Successfully routed after 1 routing iterations.
Final Net Connection Criticality Histogram:
[        0:      0.1) 0 (  0.0%) |
[      0.1:      0.2) 0 (  0.0%) |
[      0.2:      0.3) 0 (  0.0%) |
[      0.3:      0.4) 0 (  0.0%) |
[      0.4:      0.5) 0 (  0.0%) |
[      0.5:      0.6) 0 (  0.0%) |
[      0.6:      0.7) 0 (  0.0%) |
[      0.7:      0.8) 0 (  0.0%) |
[      0.8:      0.9) 0 (  0.0%) |
[      0.9:        1) 3 (100.0%) |*************************************************
Router Stats: total_nets_routed: 3 total_connections_routed: 3 total_heap_pushes: 86 total_heap_pops: 64

Attempting to route at 32 channels (binary search bounds: [-1, 64])
## Build routing resource graph
SOURCE->OPIN and IPIN->SINK edge count:127
OPIN->CHANX/CHANY edge count before creating direct connections: 192
OPIN->CHANX/CHANY edge count after creating direct connections: 192
CHAN->CHAN type edge count:518
## Build routing resource graph took 0.00 seconds (max_rss 60.6 MiB, delta_rss +0.0 MiB)
  RR Graph Nodes: 343
  RR Graph Edges: 837
Confirming router algorithm: TIMING_DRIVEN.
## Computing router lookahead map
### Computing wire lookahead
### Computing wire lookahead took 0.00 seconds (max_rss 60.6 MiB, delta_rss +0.0 MiB)
### Computing src/opin lookahead
Warning 14: Found no more sample locations for SOURCE in clb
Warning 15: Found no more sample locations for OPIN in clb
### Computing src/opin lookahead took 0.00 seconds (max_rss 60.6 MiB, delta_rss +0.0 MiB)
## Computing router lookahead map took 0.00 seconds (max_rss 60.6 MiB, delta_rss +0.0 MiB)
## Initializing router criticalities
Initial Net Connection Criticality Histogram:
[        0:      0.1) 0 (  0.0%) |
[      0.1:      0.2) 0 (  0.0%) |
[      0.2:      0.3) 0 (  0.0%) |
[      0.3:      0.4) 0 (  0.0%) |
[      0.4:      0.5) 0 (  0.0%) |
[      0.5:      0.6) 0 (  0.0%) |
[      0.6:      0.7) 0 (  0.0%) |
[      0.7:      0.8) 0 (  0.0%) |
[      0.8:      0.9) 1 ( 33.3%) |*************************
[      0.9:        1) 2 ( 66.7%) |*************************************************
## Initializing router criticalities took 0.00 seconds (max_rss 60.6 MiB, delta_rss +0.0 MiB)
---- ------ ------- ---- ------- ------- ------- ----------------- --------------- -------- ---------- ---------- ---------- ---------- --------
Iter   Time    pres  BBs    Heap  Re-Rtd  Re-Rtd Overused RR Nodes      Wirelength      CPD       sTNS       sWNS       hTNS       hWNS Est Succ
      (sec)     fac Updt    push    Nets   Conns                                       (ns)       (ns)       (ns)       (ns)       (ns)     Iter
---- ------ ------- ---- ------- ------- ------- ----------------- --------------- -------- ---------- ---------- ---------- ---------- --------
   1    0.0     0.0    0      56       3       3       0 ( 0.000%)       9 ( 7.0%)    1.096     -1.096     -1.096      0.000      0.000      N/A
Restoring best routing
Critical path: 1.0957 ns
Successfully routed after 1 routing iterations.
Final Net Connection Criticality Histogram:
[        0:      0.1) 0 (  0.0%) |
[      0.1:      0.2) 0 (  0.0%) |
[      0.2:      0.3) 0 (  0.0%) |
[      0.3:      0.4) 0 (  0.0%) |
[      0.4:      0.5) 0 (  0.0%) |
[      0.5:      0.6) 0 (  0.0%) |
[      0.6:      0.7) 0 (  0.0%) |
[      0.7:      0.8) 0 (  0.0%) |
[      0.8:      0.9) 0 (  0.0%) |
[      0.9:        1) 3 (100.0%) |*************************************************
Router Stats: total_nets_routed: 3 total_connections_routed: 3 total_heap_pushes: 56 total_heap_pops: 42

Attempting to route at 16 channels (binary search bounds: [-1, 32])
## Build routing resource graph
SOURCE->OPIN and IPIN->SINK edge count:127
OPIN->CHANX/CHANY edge count before creating direct connections: 96
OPIN->CHANX/CHANY edge count after creating direct connections: 96
CHAN->CHAN type edge count:226
## Build routing resource graph took 0.00 seconds (max_rss 60.6 MiB, delta_rss +0.0 MiB)
  RR Graph Nodes: 279
  RR Graph Edges: 449
Confirming router algorithm: TIMING_DRIVEN.
## Computing router lookahead map
### Computing wire lookahead
### Computing wire lookahead took 0.00 seconds (max_rss 60.6 MiB, delta_rss +0.0 MiB)
### Computing src/opin lookahead
Warning 16: Found no more sample locations for SOURCE in clb
Warning 17: Found no more sample locations for OPIN in clb
### Computing src/opin lookahead took 0.00 seconds (max_rss 60.6 MiB, delta_rss +0.0 MiB)
## Computing router lookahead map took 0.00 seconds (max_rss 60.6 MiB, delta_rss +0.0 MiB)
## Initializing router criticalities
Initial Net Connection Criticality Histogram:
[        0:      0.1) 0 (  0.0%) |
[      0.1:      0.2) 0 (  0.0%) |
[      0.2:      0.3) 0 (  0.0%) |
[      0.3:      0.4) 0 (  0.0%) |
[      0.4:      0.5) 0 (  0.0%) |
[      0.5:      0.6) 0 (  0.0%) |
[      0.6:      0.7) 0 (  0.0%) |
[      0.7:      0.8) 0 (  0.0%) |
[      0.8:      0.9) 0 (  0.0%) |
[      0.9:        1) 3 (100.0%) |*************************************************
## Initializing router criticalities took 0.00 seconds (max_rss 60.6 MiB, delta_rss +0.0 MiB)
---- ------ ------- ---- ------- ------- ------- ----------------- --------------- -------- ---------- ---------- ---------- ---------- --------
Iter   Time    pres  BBs    Heap  Re-Rtd  Re-Rtd Overused RR Nodes      Wirelength      CPD       sTNS       sWNS       hTNS       hWNS Est Succ
      (sec)     fac Updt    push    Nets   Conns                                       (ns)       (ns)       (ns)       (ns)       (ns)     Iter
---- ------ ------- ---- ------- ------- ------- ----------------- --------------- -------- ---------- ---------- ---------- ---------- --------
Warning 18: No routing path for connection to sink_rr 40, retrying with full device bounding box
Cannot route from clb[0].O[19] (RR node: 85 class: 21 capacity: 1 fan-in: 0 fan-out: 1 SOURCE:85 (1,1)) to io[4].outpad[0] (RR node: 40 class: 8 capacity: 1 fan-in: 1 fan-out: 0 SINK:40 (1,0)) -- no possible path
Failed to route connection from 'Y' to 'out:Y' for net 'Y' (#2)
Routing failed for net 2

Attempting to route at 24 channels (binary search bounds: [16, 32])
## Build routing resource graph
SOURCE->OPIN and IPIN->SINK edge count:127
OPIN->CHANX/CHANY edge count before creating direct connections: 112
OPIN->CHANX/CHANY edge count after creating direct connections: 112
CHAN->CHAN type edge count:372
## Build routing resource graph took 0.00 seconds (max_rss 60.6 MiB, delta_rss +0.0 MiB)
  RR Graph Nodes: 311
  RR Graph Edges: 611
Confirming router algorithm: TIMING_DRIVEN.
## Computing router lookahead map
### Computing wire lookahead
### Computing wire lookahead took 0.00 seconds (max_rss 60.6 MiB, delta_rss +0.0 MiB)
### Computing src/opin lookahead
Warning 19: Found no more sample locations for SOURCE in clb
Warning 20: Found no more sample locations for OPIN in clb
### Computing src/opin lookahead took 0.00 seconds (max_rss 60.6 MiB, delta_rss +0.0 MiB)
## Computing router lookahead map took 0.00 seconds (max_rss 60.6 MiB, delta_rss +0.0 MiB)
## Initializing router criticalities
Initial Net Connection Criticality Histogram:
[        0:      0.1) 0 (  0.0%) |
[      0.1:      0.2) 0 (  0.0%) |
[      0.2:      0.3) 0 (  0.0%) |
[      0.3:      0.4) 0 (  0.0%) |
[      0.4:      0.5) 0 (  0.0%) |
[      0.5:      0.6) 0 (  0.0%) |
[      0.6:      0.7) 0 (  0.0%) |
[      0.7:      0.8) 0 (  0.0%) |
[      0.8:      0.9) 1 ( 33.3%) |*************************
[      0.9:        1) 2 ( 66.7%) |*************************************************
## Initializing router criticalities took 0.00 seconds (max_rss 60.6 MiB, delta_rss +0.0 MiB)
---- ------ ------- ---- ------- ------- ------- ----------------- --------------- -------- ---------- ---------- ---------- ---------- --------
Iter   Time    pres  BBs    Heap  Re-Rtd  Re-Rtd Overused RR Nodes      Wirelength      CPD       sTNS       sWNS       hTNS       hWNS Est Succ
      (sec)     fac Updt    push    Nets   Conns                                       (ns)       (ns)       (ns)       (ns)       (ns)     Iter
---- ------ ------- ---- ------- ------- ------- ----------------- --------------- -------- ---------- ---------- ---------- ---------- --------
Warning 21: No routing path for connection to sink_rr 40, retrying with full device bounding box
Cannot route from clb[0].O[19] (RR node: 85 class: 21 capacity: 1 fan-in: 0 fan-out: 1 SOURCE:85 (1,1)) to io[4].outpad[0] (RR node: 40 class: 8 capacity: 1 fan-in: 1 fan-out: 0 SINK:40 (1,0)) -- no possible path
Failed to route connection from 'Y' to 'out:Y' for net 'Y' (#2)
Routing failed for net 2

Attempting to route at 28 channels (binary search bounds: [24, 32])
## Build routing resource graph
SOURCE->OPIN and IPIN->SINK edge count:127
OPIN->CHANX/CHANY edge count before creating direct connections: 184
OPIN->CHANX/CHANY edge count after creating direct connections: 184
CHAN->CHAN type edge count:412
## Build routing resource graph took 0.00 seconds (max_rss 60.6 MiB, delta_rss +0.0 MiB)
  RR Graph Nodes: 327
  RR Graph Edges: 723
Confirming router algorithm: TIMING_DRIVEN.
## Computing router lookahead map
### Computing wire lookahead
### Computing wire lookahead took 0.00 seconds (max_rss 60.6 MiB, delta_rss +0.0 MiB)
### Computing src/opin lookahead
Warning 22: Found no more sample locations for SOURCE in clb
Warning 23: Found no more sample locations for OPIN in clb
### Computing src/opin lookahead took 0.00 seconds (max_rss 60.6 MiB, delta_rss +0.0 MiB)
## Computing router lookahead map took 0.00 seconds (max_rss 60.6 MiB, delta_rss +0.0 MiB)
## Initializing router criticalities
Initial Net Connection Criticality Histogram:
[        0:      0.1) 0 (  0.0%) |
[      0.1:      0.2) 0 (  0.0%) |
[      0.2:      0.3) 0 (  0.0%) |
[      0.3:      0.4) 0 (  0.0%) |
[      0.4:      0.5) 0 (  0.0%) |
[      0.5:      0.6) 0 (  0.0%) |
[      0.6:      0.7) 0 (  0.0%) |
[      0.7:      0.8) 0 (  0.0%) |
[      0.8:      0.9) 1 ( 33.3%) |*************************
[      0.9:        1) 2 ( 66.7%) |*************************************************
## Initializing router criticalities took 0.00 seconds (max_rss 60.6 MiB, delta_rss +0.0 MiB)
---- ------ ------- ---- ------- ------- ------- ----------------- --------------- -------- ---------- ---------- ---------- ---------- --------
Iter   Time    pres  BBs    Heap  Re-Rtd  Re-Rtd Overused RR Nodes      Wirelength      CPD       sTNS       sWNS       hTNS       hWNS Est Succ
      (sec)     fac Updt    push    Nets   Conns                                       (ns)       (ns)       (ns)       (ns)       (ns)     Iter
---- ------ ------- ---- ------- ------- ------- ----------------- --------------- -------- ---------- ---------- ---------- ---------- --------
   1    0.0     0.0    0      47       3       3       0 ( 0.000%)       5 ( 4.5%)    0.787    -0.7866     -0.787      0.000      0.000      N/A
Restoring best routing
Critical path: 0.786592 ns
Successfully routed after 1 routing iterations.
Final Net Connection Criticality Histogram:
[        0:      0.1) 0 (  0.0%) |
[      0.1:      0.2) 0 (  0.0%) |
[      0.2:      0.3) 0 (  0.0%) |
[      0.3:      0.4) 0 (  0.0%) |
[      0.4:      0.5) 0 (  0.0%) |
[      0.5:      0.6) 0 (  0.0%) |
[      0.6:      0.7) 0 (  0.0%) |
[      0.7:      0.8) 0 (  0.0%) |
[      0.8:      0.9) 0 (  0.0%) |
[      0.9:        1) 3 (100.0%) |*************************************************
Router Stats: total_nets_routed: 3 total_connections_routed: 3 total_heap_pushes: 47 total_heap_pops: 31

Attempting to route at 26 channels (binary search bounds: [24, 28])
## Build routing resource graph
SOURCE->OPIN and IPIN->SINK edge count:127
OPIN->CHANX/CHANY edge count before creating direct connections: 180
OPIN->CHANX/CHANY edge count after creating direct connections: 180
CHAN->CHAN type edge count:392
## Build routing resource graph took 0.00 seconds (max_rss 60.6 MiB, delta_rss +0.0 MiB)
  RR Graph Nodes: 319
  RR Graph Edges: 699
Confirming router algorithm: TIMING_DRIVEN.
## Computing router lookahead map
### Computing wire lookahead
### Computing wire lookahead took 0.00 seconds (max_rss 60.6 MiB, delta_rss +0.0 MiB)
### Computing src/opin lookahead
Warning 24: Found no more sample locations for SOURCE in clb
Warning 25: Found no more sample locations for OPIN in clb
### Computing src/opin lookahead took 0.00 seconds (max_rss 60.6 MiB, delta_rss +0.0 MiB)
## Computing router lookahead map took 0.00 seconds (max_rss 60.6 MiB, delta_rss +0.0 MiB)
## Initializing router criticalities
Initial Net Connection Criticality Histogram:
[        0:      0.1) 0 (  0.0%) |
[      0.1:      0.2) 0 (  0.0%) |
[      0.2:      0.3) 0 (  0.0%) |
[      0.3:      0.4) 0 (  0.0%) |
[      0.4:      0.5) 0 (  0.0%) |
[      0.5:      0.6) 0 (  0.0%) |
[      0.6:      0.7) 0 (  0.0%) |
[      0.7:      0.8) 0 (  0.0%) |
[      0.8:      0.9) 1 ( 33.3%) |*************************
[      0.9:        1) 2 ( 66.7%) |*************************************************
## Initializing router criticalities took 0.00 seconds (max_rss 60.6 MiB, delta_rss +0.0 MiB)
---- ------ ------- ---- ------- ------- ------- ----------------- --------------- -------- ---------- ---------- ---------- ---------- --------
Iter   Time    pres  BBs    Heap  Re-Rtd  Re-Rtd Overused RR Nodes      Wirelength      CPD       sTNS       sWNS       hTNS       hWNS Est Succ
      (sec)     fac Updt    push    Nets   Conns                                       (ns)       (ns)       (ns)       (ns)       (ns)     Iter
---- ------ ------- ---- ------- ------- ------- ----------------- --------------- -------- ---------- ---------- ---------- ---------- --------
   1    0.0     0.0    0      60       3       3       0 ( 0.000%)       9 ( 8.7%)    1.094     -1.094     -1.094      0.000      0.000      N/A
Restoring best routing
Critical path: 1.09393 ns
Successfully routed after 1 routing iterations.
Final Net Connection Criticality Histogram:
[        0:      0.1) 0 (  0.0%) |
[      0.1:      0.2) 0 (  0.0%) |
[      0.2:      0.3) 0 (  0.0%) |
[      0.3:      0.4) 0 (  0.0%) |
[      0.4:      0.5) 0 (  0.0%) |
[      0.5:      0.6) 0 (  0.0%) |
[      0.6:      0.7) 0 (  0.0%) |
[      0.7:      0.8) 0 (  0.0%) |
[      0.8:      0.9) 0 (  0.0%) |
[      0.9:        1) 3 (100.0%) |*************************************************
Router Stats: total_nets_routed: 3 total_connections_routed: 3 total_heap_pushes: 60 total_heap_pops: 46
## Build routing resource graph
SOURCE->OPIN and IPIN->SINK edge count:127
OPIN->CHANX/CHANY edge count before creating direct connections: 180
OPIN->CHANX/CHANY edge count after creating direct connections: 180
CHAN->CHAN type edge count:392
## Build routing resource graph took 0.00 seconds (max_rss 60.6 MiB, delta_rss +0.0 MiB)
  RR Graph Nodes: 319
  RR Graph Edges: 699
Best routing used a channel width factor of 26.
# Routing took 0.01 seconds (max_rss 60.6 MiB, delta_rss +0.0 MiB)

Checking to ensure routing is legal...
# Checking to ensure non-configurable edges are legal
# Checking to ensure non-configurable edges are legal took 0.00 seconds (max_rss 60.6 MiB, delta_rss +0.0 MiB)
Completed routing consistency check successfully.

Serial number (magic cookie) for the routing is: -19545
Circuit successfully routed with a channel width factor of 26.
# Synchronize the packed netlist to routing optimization
## Annotating rr_node with routed nets
## Annotating rr_node with routed nets took 0.00 seconds (max_rss 60.6 MiB, delta_rss +0.0 MiB)
Found 4 mismatches between routing and packing results.
Fixed 2 routing traces due to mismatch between routing and packing results.
# Synchronize the packed netlist to routing optimization took 0.00 seconds (max_rss 60.6 MiB, delta_rss +0.0 MiB)
Final Clustering Statistics: 
----------   --------   ------------------------------------   --------------------------
Block Type   # Blocks   Avg. # of input clocks and pins used   Avg. # of output pins used
----------   --------   ------------------------------------   --------------------------
     EMPTY          0                                      0                            0   
        io          3                               0.333333                     0.666667   
       clb          1                                      2                            1   
Absorbed logical nets 0 out of 3 nets, 3 nets not absorbed.


Average number of bends per net: 2.00000  Maximum # of bends: 4

Number of global nets: 0
Number of routed nets (nonglobal): 3
Wire length results (in units of 1 clb segments)...
	Total wirelength: 9, average net length: 3.00000
	Maximum net length: 5

Wire length results in terms of physical segments...
	Total wiring segments used: 9, average wire segments per net: 3.00000
	Maximum segments used by a net: 5
	Total local nets with reserved CLB opins: 0

Routing channel utilization histogram:
[        1:      inf) 0 (  0.0%) |
[      0.9:        1) 0 (  0.0%) |
[      0.8:      0.9) 0 (  0.0%) |
[      0.7:      0.8) 0 (  0.0%) |
[      0.5:      0.6) 0 (  0.0%) |
[      0.4:      0.5) 0 (  0.0%) |
[      0.3:      0.4) 0 (  0.0%) |
[      0.2:      0.3) 0 (  0.0%) |
[      0.1:      0.2) 2 ( 25.0%) |****************
[        0:      0.1) 6 ( 75.0%) |*************************************************
Maximum routing channel utilization:      0.12 at (1,0)

X - Directed channels:   j max occ ave occ capacity
                      ---- ------- ------- --------
                         0       3   1.000       26
                         1       2   0.667       26
Y - Directed channels:   i max occ ave occ capacity
                      ---- ------- ------- --------
                         0       2   0.667       26
                         1       2   0.667       26

Total tracks in x-direction: 52, in y-direction: 52

Logic area (in minimum width transistor areas, excludes I/Os and empty grid tiles)...
	Total logic block area (Warning, need to add pitch of routing to blocks with height > 3): 53894
	Total used logic block area: 53894

Routing area (in minimum width transistor areas)...
	Total routing area: 6558.65, per logic tile: 728.739

Total Number of Wiring Segments by Direction: direction length number
                                              --------- ------ -------
                                                      X      4     52
                                                      Y      4     52

X - Directed Wiring Segment usage by length: length utilization
                                             ------ -----------
                                            4      0.0962

Y - Directed Wiring Segment usage by length: length utilization
                                             ------ -----------
                                            4      0.0769

Segment usage by type (index): name type utilization
                               ---- ---- -----------
                                 L4    0       0.173

Final hold Worst Negative Slack (hWNS): 0 ns
Final hold Total Negative Slack (hTNS): 0 ns

Final hold slack histogram:
[  9.2e-10:  9.2e-10) 1 (100.0%) |**************************************************
[  9.2e-10:  9.2e-10) 0 (  0.0%) |
[  9.2e-10:  9.2e-10) 0 (  0.0%) |
[  9.2e-10:  9.2e-10) 0 (  0.0%) |
[  9.2e-10:  9.2e-10) 0 (  0.0%) |
[  9.2e-10:  9.2e-10) 0 (  0.0%) |
[  9.2e-10:  9.2e-10) 0 (  0.0%) |
[  9.2e-10:  9.2e-10) 0 (  0.0%) |
[  9.2e-10:  9.2e-10) 0 (  0.0%) |
[  9.2e-10:  9.2e-10) 0 (  0.0%) |

Final critical path delay (least slack): 1.09393 ns, Fmax: 914.135 MHz
Final setup Worst Negative Slack (sWNS): -1.09393 ns
Final setup Total Negative Slack (sTNS): -1.09393 ns

Final setup slack histogram:
[ -1.1e-09: -1.1e-09) 1 (100.0%) |**************************************************
[ -1.1e-09: -1.1e-09) 0 (  0.0%) |
[ -1.1e-09: -1.1e-09) 0 (  0.0%) |
[ -1.1e-09: -1.1e-09) 0 (  0.0%) |
[ -1.1e-09: -1.1e-09) 0 (  0.0%) |
[ -1.1e-09: -1.1e-09) 0 (  0.0%) |
[ -1.1e-09: -1.1e-09) 0 (  0.0%) |
[ -1.1e-09: -1.1e-09) 0 (  0.0%) |
[ -1.1e-09: -1.1e-09) 0 (  0.0%) |
[ -1.1e-09: -1.1e-09) 0 (  0.0%) |

Final geomean non-virtual intra-domain period: nan ns (nan MHz)
Final fanout-weighted geomean non-virtual intra-domain period: nan ns (nan MHz)

Incr Slack updates 1 in 3.973e-06 sec
Full Max Req/Worst Slack updates 1 in 3.229e-06 sec
Incr Max Req/Worst Slack updates 0 in 0 sec
Incr Criticality updates 0 in 0 sec
Full Criticality updates 1 in 4.671e-06 sec
Flow timing analysis took 0.000390201 seconds (0.00023872 STA, 0.000151481 slack) (16 full updates: 5 setup, 0 hold, 11 combined).
VPR suceeded
The entire flow of VPR took 0.19 seconds (max_rss 60.6 MiB)

Command line to execute: read_openfpga_arch -f /home/fizza/work/or/run003/k6_frac_N10_adder_chain_40nm/or2/MIN_ROUTE_CHAN_WIDTH/arch/k6_frac_N10_adder_chain_40nm_openfpga.xml

Confirm selected options when call command 'read_openfpga_arch':
--file, -f: /home/fizza/work/or/run003/k6_frac_N10_adder_chain_40nm/or2/MIN_ROUTE_CHAN_WIDTH/arch/k6_frac_N10_adder_chain_40nm_openfpga.xml
Reading XML architecture '/home/fizza/work/or/run003/k6_frac_N10_adder_chain_40nm/or2/MIN_ROUTE_CHAN_WIDTH/arch/k6_frac_N10_adder_chain_40nm_openfpga.xml'...
Read OpenFPGA architecture
Warning 26: Automatically set circuit model 'frac_lut6' to be default in its type.
Warning 27: Automatically set circuit model 'DFFSRQ' to be default in its type.
Warning 28: Automatically set circuit model 'DFFR' to be default in its type.
Warning 29: Automatically set circuit model 'GPIO' to be default in its type.
Use the default configurable memory model 'DFFR' for circuit model 'mux_2level' port 'sram')
Use the default configurable memory model 'DFFR' for circuit model 'mux_2level_tapbuf' port 'sram')
Use the default configurable memory model 'DFFR' for circuit model 'mux_1level_tapbuf' port 'sram')
Use the default configurable memory model 'DFFR' for circuit model 'frac_lut6' port 'sram')
Read OpenFPGA architecture took 0.00 seconds (max_rss 60.6 MiB, delta_rss +0.0 MiB)
Check circuit library
Checking circuit library passed.
Check circuit library took 0.00 seconds (max_rss 60.6 MiB, delta_rss +0.0 MiB)
Found 0 errors when checking configurable memory circuit models!
Found 0 errors when checking tile annotation!

Command line to execute: read_openfpga_simulation_setting -f /home/fizza/OpenFPGA/openfpga_flow/openfpga_simulation_settings/fixed_sim_openfpga.xml

Confirm selected options when call command 'read_openfpga_simulation_setting':
--file, -f: /home/fizza/OpenFPGA/openfpga_flow/openfpga_simulation_settings/fixed_sim_openfpga.xml
Reading XML simulation setting '/home/fizza/OpenFPGA/openfpga_flow/openfpga_simulation_settings/fixed_sim_openfpga.xml'...
Read OpenFPGA simulation settings
Read OpenFPGA simulation settings took 0.00 seconds (max_rss 60.6 MiB, delta_rss +0.0 MiB)

Command line to execute: link_openfpga_arch --activity_file or2_ace_out.act --sort_gsb_chan_node_in_edges

Confirm selected options when call command 'link_openfpga_arch':
--activity_file: or2_ace_out.act
--sort_gsb_chan_node_in_edges: on
--verbose: off
Link OpenFPGA architecture to VPR architecture
# Build fast look-up for physical tile pins
# Build fast look-up for physical tile pins took 0.00 seconds (max_rss 60.6 MiB, delta_rss +0.0 MiB)

Building annotation for physical modes in pb_type...Done
Check physical mode annotation for pb_types passed.

Building annotation about physical types for pb_type interconnection...Done

Building annotation between operating and physical pb_types...Done
Check physical pb_type annotation for pb_types passed.

Building annotation between physical pb_types and circuit models...Done
Check physical pb_type annotation for circuit model passed.

Building annotation between physical pb_types and mode selection bits...Done
Check pb_type annotation for mode selection bits passed.
Assigning unique indices for primitive pb_graph nodes...Done
Binding operating pb_graph nodes/pins to physical pb_graph nodes/pins...Done
Check pb_graph annotation for physical nodes and pins passed.
Binded 2 routing resource graph switches to circuit models
Binded 1 routing segments to circuit models
Binded 1 direct connections to circuit models
# Annotating rr_node with routed nets
# Annotating rr_node with routed nets took 0.00 seconds (max_rss 60.6 MiB, delta_rss +0.0 MiB)
Loaded node-to-net mapping
Annotating previous nodes for rr_node...Warning 30: Override the previous node 'IPIN:88 side: (RIGHT,) (1,1)' by previous node 'IPIN:110 side: (BOTTOM,) (1,1)' for node 'SINK:64 (1,1)' with in routing context annotation!
Done with 18 nodes mapping
Built 699 incoming edges for routing resource graph
# Build General Switch Block(GSB) annotation on top of routing resource graph
[25%] Backannotated GSB[0][0][50%] Backannotated GSB[0][1][75%] Backannotated GSB[1][0][100%] Backannotated GSB[1][1]Backannotated 4 General Switch Blocks (GSBs).
# Build General Switch Block(GSB) annotation on top of routing resource graph took 0.00 seconds (max_rss 60.6 MiB, delta_rss +0.0 MiB)
# Sort incoming edges for each routing track output node of General Switch Block(GSB)
[25%] Sorted incoming edges for each routing track output node of GSB[0][0][50%] Sorted incoming edges for each routing track output node of GSB[0][1][75%] Sorted incoming edges for each routing track output node of GSB[1][0][100%] Sorted incoming edges for each routing track output node of GSB[1][1]Sorted incoming edges for each routing track output node of 4 General Switch Blocks (GSBs).
# Sort incoming edges for each routing track output node of General Switch Block(GSB) took 0.00 seconds (max_rss 60.6 MiB, delta_rss +0.0 MiB)
# Sort incoming edges for each input pin node of General Switch Block(GSB)
[25%] Sorted incoming edges for each input pin node of GSB[0][0][50%] Sorted incoming edges for each input pin node of GSB[0][1][75%] Sorted incoming edges for each input pin node of GSB[1][0][100%] Sorted incoming edges for each input pin node of GSB[1][1]Sorted incoming edges for each input pin node of 4 General Switch Blocks (GSBs).
# Sort incoming edges for each input pin node of General Switch Block(GSB) took 0.00 seconds (max_rss 60.6 MiB, delta_rss +0.0 MiB)
# Build a library of physical multiplexers
Built a multiplexer library of 7 physical multiplexers.
Maximum multiplexer size is 64.
# Build a library of physical multiplexers took 0.00 seconds (max_rss 60.6 MiB, delta_rss +0.0 MiB)
# Build the annotation about direct connection between tiles
Built 0 tile-to-tile direct connections
# Build the annotation about direct connection between tiles took 0.00 seconds (max_rss 60.6 MiB, delta_rss +0.0 MiB)
Building annotation for post-routing and clustering synchornization results...Done
Building annotation for mapped blocks on grid locations...Done
Will apply operating clock frequency 500 [MHz] to simulations
Will apply 10 operating clock cycles to simulations
Link OpenFPGA architecture to VPR architecture took 0.00 seconds (max_rss 60.6 MiB, delta_rss +0.0 MiB)

Command line to execute: check_netlist_naming_conflict --fix --report ./netlist_renaming.xml

Confirm selected options when call command 'check_netlist_naming_conflict':
--fix: on
--report: ./netlist_renaming.xml
Check naming violations of netlist blocks and nets
Fixed 1 naming conflicts in the netlist.
Naming fix-up report is generated to file './netlist_renaming.xml'
Check naming violations of netlist blocks and nets took 0.00 seconds (max_rss 60.6 MiB, delta_rss +0.0 MiB)

Command line to execute: lut_truth_table_fixup

Confirm selected options when call command 'lut_truth_table_fixup':
--verbose: off
Fix up LUT truth tables after packing optimization
Fix up LUT truth tables after packing optimization took 0.00 seconds (max_rss 60.6 MiB, delta_rss +0.0 MiB)

Command line to execute: build_fabric --compress_routing

Confirm selected options when call command 'build_fabric':
--frame_view: off
--compress_routing: on
--duplicate_grid_pin: off
--load_fabric_key: off
--write_fabric_key: off
--generate_random_fabric_key: off
--verbose: off
Identify unique General Switch Blocks (GSBs)
Detected 4 unique general switch blocks from a total of 4 (compression rate=0.00%)
Identify unique General Switch Blocks (GSBs) took 0.00 seconds (max_rss 60.6 MiB, delta_rss +0.0 MiB)


Build fabric module graph
# Build constant generator modules
# Build constant generator modules took 0.00 seconds (max_rss 60.6 MiB, delta_rss +0.0 MiB)
# Build user-defined modules
# Build user-defined modules took 0.00 seconds (max_rss 60.6 MiB, delta_rss +0.0 MiB)
# Build essential (inverter/buffer/logic gate) modules
# Build essential (inverter/buffer/logic gate) modules took 0.00 seconds (max_rss 60.6 MiB, delta_rss +0.0 MiB)
# Build local encoder (for multiplexers) modules
# Build local encoder (for multiplexers) modules took 0.00 seconds (max_rss 60.6 MiB, delta_rss +0.0 MiB)
# Building multiplexer modules
# Building multiplexer modules took 0.00 seconds (max_rss 60.6 MiB, delta_rss +0.0 MiB)
# Build Look-Up Table (LUT) modules
# Build Look-Up Table (LUT) modules took 0.00 seconds (max_rss 60.6 MiB, delta_rss +0.0 MiB)
# Build wire modules
# Build wire modules took 0.00 seconds (max_rss 60.6 MiB, delta_rss +0.0 MiB)
# Build memory modules
# Build memory modules took 0.00 seconds (max_rss 60.6 MiB, delta_rss +0.0 MiB)
# Build grid modules
Building logical tiles...Done
Building physical tiles...Done
# Build grid modules took 0.01 seconds (max_rss 60.6 MiB, delta_rss +0.0 MiB)
# Build unique routing modules...
# Build unique routing modules... took 0.01 seconds (max_rss 60.6 MiB, delta_rss +0.0 MiB)
# Build FPGA fabric module
## Add grid instances to top module
## Add grid instances to top module took 0.00 seconds (max_rss 60.6 MiB, delta_rss +0.0 MiB)
## Add switch block instances to top module
## Add switch block instances to top module took 0.00 seconds (max_rss 60.6 MiB, delta_rss +0.0 MiB)
## Add connection block instances to top module
## Add connection block instances to top module took 0.00 seconds (max_rss 60.6 MiB, delta_rss +0.0 MiB)
## Add connection block instances to top module
## Add connection block instances to top module took 0.00 seconds (max_rss 60.6 MiB, delta_rss +0.0 MiB)
## Add module nets between grids and GSBs
## Add module nets between grids and GSBs took 0.00 seconds (max_rss 60.6 MiB, delta_rss +0.0 MiB)
## Add module nets for inter-tile connections
## Add module nets for inter-tile connections took 0.00 seconds (max_rss 60.6 MiB, delta_rss +0.0 MiB)
## Build configurable regions for the top module
## Build configurable regions for the top module took 0.00 seconds (max_rss 60.6 MiB, delta_rss +0.0 MiB)
## Add module nets for configuration buses
## Add module nets for configuration buses took 0.00 seconds (max_rss 60.6 MiB, delta_rss +0.0 MiB)
# Build FPGA fabric module took 0.00 seconds (max_rss 60.6 MiB, delta_rss +0.0 MiB)
Build fabric module graph took 0.02 seconds (max_rss 60.6 MiB, delta_rss +0.0 MiB)
Create I/O location mapping for top module
Create I/O location mapping for top module took 0.00 seconds (max_rss 60.6 MiB, delta_rss +0.0 MiB)
Create global port info for top module
Create global port info for top module took 0.00 seconds (max_rss 60.6 MiB, delta_rss +0.0 MiB)

Command line to execute: write_fabric_hierarchy --file ./fabric_hierarchy.txt

Confirm selected options when call command 'write_fabric_hierarchy':
--file, -f: ./fabric_hierarchy.txt
--depth: off
--verbose: off
Warning 31: Directory '.' already exists. Will overwrite contents
Write fabric hierarchy to plain-text file './fabric_hierarchy.txt'
Write fabric hierarchy to plain-text file './fabric_hierarchy.txt' took 0.00 seconds (max_rss 60.6 MiB, delta_rss +0.0 MiB)

Command line to execute: repack

Confirm selected options when call command 'repack':
--design_constraints: off
--ignore_global_nets_on_pins: off
--verbose: off
Build routing resource graph for the physical implementation of logical tile
Build routing resource graph for the physical implementation of logical tile took 0.00 seconds (max_rss 60.6 MiB, delta_rss +0.0 MiB)
Repack clustered blocks to physical implementation of logical tile
Repack clustered block 'Y'...Done
Repack clustered block 'out:Y'...Done
Repack clustered block 'A'...Done
Repack clustered block 'B'...Done
Repack clustered blocks to physical implementation of logical tile took 0.00 seconds (max_rss 60.6 MiB, delta_rss +0.0 MiB)
Identify wire LUTs created by repacking
Identified 0 wire LUTs created by repacker
Identify wire LUTs created by repacking took 0.00 seconds (max_rss 60.6 MiB, delta_rss +0.0 MiB)
Build truth tables for physical LUTs
Build truth tables for physical LUTs took 0.00 seconds (max_rss 60.6 MiB, delta_rss +0.0 MiB)

Command line to execute: build_architecture_bitstream --verbose --write_file fabric_independent_bitstream.xml

Confirm selected options when call command 'build_architecture_bitstream':
--write_file: fabric_independent_bitstream.xml
--read_file: off
--no_time_stamp: off
--verbose: on

Build fabric-independent bitstream for implementation 'or2'

Reserved 428 configurable blocks
Reserved 2448 configuration bits
Building grid bitstream...
Generating bitstream for core grids...Done
Generating bitstream for I/O grids...Done
Done
Building routing bitstream...
Generating bitstream for Switch blocks...Done
Generating bitstream for X-direction Connection blocks ...Done
Generating bitstream for Y-direction Connection blocks ...Done
Done
Decoded 2448 configuration bits into 428 blocks

Build fabric-independent bitstream for implementation 'or2'
 took 0.00 seconds (max_rss 60.6 MiB, delta_rss +0.0 MiB)
Warning 32: Directory path is empty and nothing will be created.
Write 2448 architecture independent bitstream into XML file 'fabric_independent_bitstream.xml'
Write 2448 architecture independent bitstream into XML file 'fabric_independent_bitstream.xml' took 0.01 seconds (max_rss 60.6 MiB, delta_rss +0.0 MiB)

Command line to execute: build_fabric_bitstream --verbose

Confirm selected options when call command 'build_fabric_bitstream':
--verbose: on

Build fabric dependent bitstream

Built 2448 configuration bits for fabric

Build fabric dependent bitstream
 took 0.00 seconds (max_rss 60.6 MiB, delta_rss +0.0 MiB)

Command line to execute: write_fabric_bitstream --file fabric_bitstream.bit --format plain_text

Confirm selected options when call command 'write_fabric_bitstream':
--file, -f: fabric_bitstream.bit
--format: plain_text
--fast_configuration: off
--keep_dont_care_bits: off
--no_time_stamp: off
--verbose: off
Warning 33: Directory path is empty and nothing will be created.
Write 2448 fabric bitstream into plain text file 'fabric_bitstream.bit'
Write 2448 fabric bitstream into plain text file 'fabric_bitstream.bit' took 0.00 seconds (max_rss 60.6 MiB, delta_rss +0.0 MiB)

Command line to execute: write_fabric_verilog --file ./SRC --explicit_port_mapping --include_timing --print_user_defined_template --verbose

Confirm selected options when call command 'write_fabric_verilog':
--file, -f: ./SRC
--explicit_port_mapping: on
--include_timing: on
--print_user_defined_template: on
--default_net_type: off
--no_time_stamp: off
--use_relative_path: off
--verbose: on
Write Verilog netlists for FPGA fabric

Succeed to create directory './SRC'
Succeed to create directory './SRC/sub_module'
Succeed to create directory './SRC/lb'
Succeed to create directory './SRC/routing'
Generating Verilog netlist './SRC/sub_module/inv_buf_passgate.v' for essential gates...Done
Writing Verilog netlist for configuration decoders './SRC/sub_module/arch_encoder.v'...Done
Writing Verilog netlist for local decoders for multiplexers './SRC/sub_module/local_encoder.v'...Done
Writing Verilog netlist for Multiplexer primitives './SRC/sub_module/mux_primitives.v' ...Done
Writing Verilog netlist for Multiplexers './SRC/sub_module/muxes.v' ...Done
Writing Verilog netlist for LUTs './SRC/sub_module/luts.v'...Done
Writing Verilog netlist for wires './SRC/sub_module/wires.v'...Done
Writing Verilog netlist for memories './SRC/sub_module/memories.v' ...Done
Writing Verilog netlist for shift register banks './SRC/sub_module/shift_register_banks.v' ...Done
Creating template for user-defined Verilog modules './SRC/sub_module/user_defined_templates.v'...Done

Writing logical tiles...
Writing Verilog netlists for logic tile 'io' ...
Writing Verilog netlist './SRC/lb/logical_tile_io_mode_physical__iopad.v' for primitive pb_type 'iopad' ...
Writing Verilog codes of logical tile primitive block 'logical_tile_io_mode_physical__iopad'...Done
Writing Verilog netlist './SRC/lb/logical_tile_io_mode_io_.v' for pb_type 'io' ...
Writing Verilog codes of pb_type 'logical_tile_io_mode_io_'...Done
Done

Writing Verilog netlists for logic tile 'clb' ...
Writing Verilog netlist './SRC/lb/logical_tile_clb_mode_default__fle_mode_physical__fabric_mode_default__frac_logic_mode_default__frac_lut6.v' for primitive pb_type 'frac_lut6' ...
Writing Verilog codes of logical tile primitive block 'logical_tile_clb_mode_default__fle_mode_physical__fabric_mode_default__frac_logic_mode_default__frac_lut6'...Done
Writing Verilog netlist './SRC/lb/logical_tile_clb_mode_default__fle_mode_physical__fabric_mode_default__frac_logic.v' for pb_type 'frac_logic' ...
Writing Verilog codes of pb_type 'logical_tile_clb_mode_default__fle_mode_physical__fabric_mode_default__frac_logic'...Done
Writing Verilog netlist './SRC/lb/logical_tile_clb_mode_default__fle_mode_physical__fabric_mode_default__ff.v' for primitive pb_type 'ff' ...
Writing Verilog codes of logical tile primitive block 'logical_tile_clb_mode_default__fle_mode_physical__fabric_mode_default__ff'...Done
Writing Verilog netlist './SRC/lb/logical_tile_clb_mode_default__fle_mode_physical__fabric_mode_default__adder.v' for primitive pb_type 'adder' ...
Writing Verilog codes of logical tile primitive block 'logical_tile_clb_mode_default__fle_mode_physical__fabric_mode_default__adder'...Done
Writing Verilog netlist './SRC/lb/logical_tile_clb_mode_default__fle_mode_physical__fabric.v' for pb_type 'fabric' ...
Writing Verilog codes of pb_type 'logical_tile_clb_mode_default__fle_mode_physical__fabric'...Done
Writing Verilog netlist './SRC/lb/logical_tile_clb_mode_default__fle.v' for pb_type 'fle' ...
Writing Verilog codes of pb_type 'logical_tile_clb_mode_default__fle'...Done
Writing Verilog netlist './SRC/lb/logical_tile_clb_mode_clb_.v' for pb_type 'clb' ...
Writing Verilog codes of pb_type 'logical_tile_clb_mode_clb_'...Done
Done

Writing logical tiles...Done

Building physical tiles...
Writing Verilog Netlist './SRC/lb/grid_io_top.v' for physical tile 'io' at top side ...Done
Writing Verilog Netlist './SRC/lb/grid_io_right.v' for physical tile 'io' at right side ...Done
Writing Verilog Netlist './SRC/lb/grid_io_bottom.v' for physical tile 'io' at bottom side ...Done
Writing Verilog Netlist './SRC/lb/grid_io_left.v' for physical tile 'io' at left side ...Done
Writing Verilog Netlist './SRC/lb/grid_clb.v' for physical_tile 'clb'...Done
Building physical tiles...Done

Writing Verilog netlist for top-level module of FPGA fabric './SRC/fpga_top.v'...Done
Written 58 Verilog modules in total
Write Verilog netlists for FPGA fabric
 took 0.06 seconds (max_rss 60.6 MiB, delta_rss +0.0 MiB)

Command line to execute: write_full_testbench --file ./SRC --reference_benchmark_file_path or2_output_verilog.v --include_signal_init --bitstream fabric_bitstream.bit

Confirm selected options when call command 'write_full_testbench':
--file, -f: ./SRC
--bitstream: fabric_bitstream.bit
--fabric_netlist_file_path: off
--pin_constraints_file, -pcf: off
--bus_group_file, -bgf: off
--reference_benchmark_file_path: or2_output_verilog.v
--fast_configuration: off
--explicit_port_mapping: off
--default_net_type: off
--no_self_checking: off
--include_signal_init: on
--no_time_stamp: off
--use_relative_path: off
--verbose: off
Write Verilog full testbenches for FPGA fabric

Warning 34: Directory './SRC' already exists. Will overwrite contents
# Write autocheck testbench for FPGA top-level Verilog netlist for 'or2'
Will use 2449 configuration clock cycles to top testbench
# Write autocheck testbench for FPGA top-level Verilog netlist for 'or2' took 0.08 seconds (max_rss 60.6 MiB, delta_rss +0.0 MiB)
Write Verilog full testbenches for FPGA fabric
 took 0.08 seconds (max_rss 60.6 MiB, delta_rss +0.0 MiB)

Command line to execute: write_pnr_sdc --file ./SDC

Confirm selected options when call command 'write_pnr_sdc':
--file, -f: ./SDC
--flatten_names: off
--hierarchical: off
--output_hierarchy: off
--time_unit: off
--constrain_global_port: off
--constrain_non_clock_global_port: off
--constrain_grid: off
--constrain_sb: off
--constrain_cb: off
--constrain_configurable_memory_outputs: off
--constrain_routing_multiplexer_outputs: off
--constrain_switch_block_outputs: off
--constrain_zero_delay_paths: off
--no_time_stamp: off
--verbose: off
Succeed to create directory './SDC'
Write SDC for constraining clocks for P&R flow './SDC/global_ports.sdc'
Write SDC for constraining clocks for P&R flow './SDC/global_ports.sdc' took 0.00 seconds (max_rss 60.6 MiB, delta_rss +0.0 MiB)
Write SDC to disable configurable memory outputs for P&R flow './SDC/disable_configurable_memory_outputs.sdc'
Write SDC to disable configurable memory outputs for P&R flow './SDC/disable_configurable_memory_outputs.sdc' took 0.00 seconds (max_rss 60.6 MiB, delta_rss +0.0 MiB)
Write SDC to disable routing multiplexer outputs for P&R flow './SDC/disable_routing_multiplexer_outputs.sdc'
Write SDC to disable routing multiplexer outputs for P&R flow './SDC/disable_routing_multiplexer_outputs.sdc' took 0.01 seconds (max_rss 60.6 MiB, delta_rss +0.0 MiB)
Write SDC to disable switch block outputs for P&R flow './SDC/disable_sb_outputs.sdc'
Write SDC to disable switch block outputs for P&R flow './SDC/disable_sb_outputs.sdc' took 0.00 seconds (max_rss 60.6 MiB, delta_rss +0.0 MiB)
Write SDC for constrain Switch Block timing for P&R flow
Write SDC for constrain Switch Block timing for P&R flow took 0.00 seconds (max_rss 60.6 MiB, delta_rss +0.0 MiB)
Write SDC for constrain Connection Block timing for P&R flow
Write SDC for constrain Connection Block timing for P&R flow took 0.00 seconds (max_rss 60.6 MiB, delta_rss +0.0 MiB)
Write SDC for constraining grid timing for P&R flow
Write SDC for constraining grid timing for P&R flow took 0.02 seconds (max_rss 60.6 MiB, delta_rss +0.0 MiB)

Command line to execute: write_sdc_disable_timing_configure_ports --file ./SDC/disable_configure_ports.sdc

Confirm selected options when call command 'write_sdc_disable_timing_configure_ports':
--file, -f: ./SDC/disable_configure_ports.sdc
--flatten_names: off
--no_time_stamp: off
--verbose: off
Warning 35: Directory './SDC' already exists. Will overwrite contents
Write SDC to disable timing on configuration outputs of programmable cells for P&R flow './SDC/disable_configure_ports.sdc'
Write SDC to disable timing on configuration outputs of programmable cells for P&R flow './SDC/disable_configure_ports.sdc' took 0.01 seconds (max_rss 60.6 MiB, delta_rss +0.0 MiB)

Command line to execute: write_analysis_sdc --file ./SDC_analysis

Confirm selected options when call command 'write_analysis_sdc':
--file, -f: ./SDC_analysis
--verbose: off
--flatten_names: off
--time_unit: off
--no_time_stamp: off
Succeed to create directory './SDC_analysis'
Generating SDC for Timing/Power analysis on the mapped FPGA './SDC_analysis/or2_fpga_top_analysis.sdc'
Generating SDC for Timing/Power analysis on the mapped FPGA './SDC_analysis/or2_fpga_top_analysis.sdc' took 0.01 seconds (max_rss 60.6 MiB, delta_rss +0.0 MiB)

Command line to execute: exit

Confirm selected options when call command 'exit':

Finish execution with 0 errors

The entire OpenFPGA flow took 0.449584 seconds

Thank you for using OpenFPGA!
Incr Slack updates 10 in 2.0098e-05 sec
Full Max Req/Worst Slack updates 5 in 1.2028e-05 sec
Incr Max Req/Worst Slack updates 5 in 9.368e-06 sec
Incr Criticality updates 0 in 0 sec
Full Criticality updates 10 in 2.2269e-05 sec
