#Packing pin usage report
Type: io
	Input Pin Usage:
		Max: 1.00 (1.00)
		Avg: 0.59 (0.59)
		Min: 0.00 (0.00)
		Histogram:
		[        0:      0.1) 66 ( 40.7%) |*********************************
		[      0.1:      0.2)  0 (  0.0%) |
		[      0.2:      0.3)  0 (  0.0%) |
		[      0.3:      0.4)  0 (  0.0%) |
		[      0.4:      0.5)  0 (  0.0%) |
		[      0.5:      0.6)  0 (  0.0%) |
		[      0.6:      0.7)  0 (  0.0%) |
		[      0.7:      0.8)  0 (  0.0%) |
		[      0.8:      0.9)  0 (  0.0%) |
		[      0.9:        1) 96 ( 59.3%) |************************************************
	Output Pin Usage:
		Max: 1.00 (1.00)
		Avg: 0.41 (0.41)
		Min: 0.00 (0.00)
		Histogram:
		[        0:      0.1) 96 ( 59.3%) |************************************************
		[      0.1:      0.2)  0 (  0.0%) |
		[      0.2:      0.3)  0 (  0.0%) |
		[      0.3:      0.4)  0 (  0.0%) |
		[      0.4:      0.5)  0 (  0.0%) |
		[      0.5:      0.6)  0 (  0.0%) |
		[      0.6:      0.7)  0 (  0.0%) |
		[      0.7:      0.8)  0 (  0.0%) |
		[      0.8:      0.9)  0 (  0.0%) |
		[      0.9:        1) 66 ( 40.7%) |*********************************

Type: clb
	Input Pin Usage:
		Max: 33.00 (0.79)
		Avg: 18.57 (0.44)
		Min: 0.00 (0.00)
		Histogram:
		[        0:      4.2) 3 ( 10.7%) |****************
		[      4.2:      8.4) 0 (  0.0%) |
		[      8.4:       13) 3 ( 10.7%) |****************
		[       13:       17) 4 ( 14.3%) |**********************
		[       17:       21) 9 ( 32.1%) |*************************************************
		[       21:       25) 4 ( 14.3%) |**********************
		[       25:       29) 1 (  3.6%) |*****
		[       29:       34) 4 ( 14.3%) |**********************
		[       34:       38) 0 (  0.0%) |
		[       38:       42) 0 (  0.0%) |
	Output Pin Usage:
		Max: 12.00 (0.57)
		Avg: 8.11 (0.39)
		Min: 1.00 (0.05)
		Histogram:
		[        0:      2.1) 3 ( 10.7%) |***************
		[      2.1:      4.2) 3 ( 10.7%) |***************
		[      4.2:      6.3) 1 (  3.6%) |*****
		[      6.3:      8.4) 4 ( 14.3%) |********************
		[      8.4:       10) 7 ( 25.0%) |**********************************
		[       10:       13) 10 ( 35.7%) |*************************************************
		[       13:       15) 0 (  0.0%) |
		[       15:       17) 0 (  0.0%) |
		[       17:       19) 0 (  0.0%) |
		[       19:       21) 0 (  0.0%) |

Type: mult_36
	Input Pin Usage:
		Max: 72.00 (1.00)
		Avg: 72.00 (1.00)
		Min: 72.00 (1.00)
		Histogram:
		[        0:      7.2) 0 (  0.0%) |
		[      7.2:       14) 0 (  0.0%) |
		[       14:       22) 0 (  0.0%) |
		[       22:       29) 0 (  0.0%) |
		[       29:       36) 0 (  0.0%) |
		[       36:       43) 0 (  0.0%) |
		[       43:       50) 0 (  0.0%) |
		[       50:       58) 0 (  0.0%) |
		[       58:       65) 0 (  0.0%) |
		[       65:       72) 5 (100.0%) |*************************************************
	Output Pin Usage:
		Max: 32.00 (0.44)
		Avg: 32.00 (0.44)
		Min: 32.00 (0.44)
		Histogram:
		[        0:      7.2) 0 (  0.0%) |
		[      7.2:       14) 0 (  0.0%) |
		[       14:       22) 0 (  0.0%) |
		[       22:       29) 0 (  0.0%) |
		[       29:       36) 5 (100.0%) |*************************************************
		[       36:       43) 0 (  0.0%) |
		[       43:       50) 0 (  0.0%) |
		[       50:       58) 0 (  0.0%) |
		[       58:       65) 0 (  0.0%) |
		[       65:       72) 0 (  0.0%) |

