#Packing pin usage report
Type: io
	Input Pin Usage:
		Max: 1.00 (1.00)
		Avg: 0.59 (0.59)
		Min: 0.00 (0.00)
		Histogram:
		[        0:      0.1) 66 ( 40.7%) |*********************************
		[      0.1:      0.2)  0 (  0.0%) |
		[      0.2:      0.3)  0 (  0.0%) |
		[      0.3:      0.4)  0 (  0.0%) |
		[      0.4:      0.5)  0 (  0.0%) |
		[      0.5:      0.6)  0 (  0.0%) |
		[      0.6:      0.7)  0 (  0.0%) |
		[      0.7:      0.8)  0 (  0.0%) |
		[      0.8:      0.9)  0 (  0.0%) |
		[      0.9:        1) 96 ( 59.3%) |************************************************
	Output Pin Usage:
		Max: 1.00 (1.00)
		Avg: 0.41 (0.41)
		Min: 0.00 (0.00)
		Histogram:
		[        0:      0.1) 96 ( 59.3%) |************************************************
		[      0.1:      0.2)  0 (  0.0%) |
		[      0.2:      0.3)  0 (  0.0%) |
		[      0.3:      0.4)  0 (  0.0%) |
		[      0.4:      0.5)  0 (  0.0%) |
		[      0.5:      0.6)  0 (  0.0%) |
		[      0.6:      0.7)  0 (  0.0%) |
		[      0.7:      0.8)  0 (  0.0%) |
		[      0.8:      0.9)  0 (  0.0%) |
		[      0.9:        1) 66 ( 40.7%) |*********************************

Type: clb
	Input Pin Usage:
		Max: 33.00 (0.79)
		Avg: 18.31 (0.44)
		Min: 0.00 (0.00)
		Histogram:
		[        0:      4.2)  4 ( 11.4%) |****************
		[      4.2:      8.4)  0 (  0.0%) |
		[      8.4:       13)  1 (  2.9%) |****
		[       13:       17)  5 ( 14.3%) |********************
		[       17:       21) 12 ( 34.3%) |************************************************
		[       21:       25)  8 ( 22.9%) |********************************
		[       25:       29)  3 (  8.6%) |************
		[       29:       34)  2 (  5.7%) |********
		[       34:       38)  0 (  0.0%) |
		[       38:       42)  0 (  0.0%) |
	Output Pin Usage:
		Max: 10.00 (0.48)
		Avg: 6.91 (0.33)
		Min: 1.00 (0.05)
		Histogram:
		[        0:      2.1)  4 ( 11.4%) |**************
		[      2.1:      4.2)  2 (  5.7%) |*******
		[      4.2:      6.3)  6 ( 17.1%) |*********************
		[      6.3:      8.4)  9 ( 25.7%) |*******************************
		[      8.4:       10) 14 ( 40.0%) |************************************************
		[       10:       13)  0 (  0.0%) |
		[       13:       15)  0 (  0.0%) |
		[       15:       17)  0 (  0.0%) |
		[       17:       19)  0 (  0.0%) |
		[       19:       21)  0 (  0.0%) |

Type: mult_36
	Input Pin Usage:
		Max: 72.00 (1.00)
		Avg: 72.00 (1.00)
		Min: 72.00 (1.00)
		Histogram:
		[        0:      7.2) 0 (  0.0%) |
		[      7.2:       14) 0 (  0.0%) |
		[       14:       22) 0 (  0.0%) |
		[       22:       29) 0 (  0.0%) |
		[       29:       36) 0 (  0.0%) |
		[       36:       43) 0 (  0.0%) |
		[       43:       50) 0 (  0.0%) |
		[       50:       58) 0 (  0.0%) |
		[       58:       65) 0 (  0.0%) |
		[       65:       72) 5 (100.0%) |*************************************************
	Output Pin Usage:
		Max: 32.00 (0.44)
		Avg: 32.00 (0.44)
		Min: 32.00 (0.44)
		Histogram:
		[        0:      7.2) 0 (  0.0%) |
		[      7.2:       14) 0 (  0.0%) |
		[       14:       22) 0 (  0.0%) |
		[       22:       29) 0 (  0.0%) |
		[       29:       36) 5 (100.0%) |*************************************************
		[       36:       43) 0 (  0.0%) |
		[       43:       50) 0 (  0.0%) |
		[       50:       58) 0 (  0.0%) |
		[       58:       65) 0 (  0.0%) |
		[       65:       72) 0 (  0.0%) |

