#Packing pin usage report
Type: io
	Input Pin Usage:
		Max: 1.00 (1.00)
		Avg: 0.70 (0.70)
		Min: 0.00 (0.00)
		Histogram:
		[        0:      0.1) 3 ( 30.0%) |*********************
		[      0.1:      0.2) 0 (  0.0%) |
		[      0.2:      0.3) 0 (  0.0%) |
		[      0.3:      0.4) 0 (  0.0%) |
		[      0.4:      0.5) 0 (  0.0%) |
		[      0.5:      0.6) 0 (  0.0%) |
		[      0.6:      0.7) 0 (  0.0%) |
		[      0.7:      0.8) 0 (  0.0%) |
		[      0.8:      0.9) 0 (  0.0%) |
		[      0.9:        1) 7 ( 70.0%) |*************************************************
	Output Pin Usage:
		Max: 1.00 (1.00)
		Avg: 0.30 (0.30)
		Min: 0.00 (0.00)
		Histogram:
		[        0:      0.1) 7 ( 70.0%) |*************************************************
		[      0.1:      0.2) 0 (  0.0%) |
		[      0.2:      0.3) 0 (  0.0%) |
		[      0.3:      0.4) 0 (  0.0%) |
		[      0.4:      0.5) 0 (  0.0%) |
		[      0.5:      0.6) 0 (  0.0%) |
		[      0.6:      0.7) 0 (  0.0%) |
		[      0.7:      0.8) 0 (  0.0%) |
		[      0.8:      0.9) 0 (  0.0%) |
		[      0.9:        1) 3 ( 30.0%) |*********************

Type: clb
	Input Pin Usage:
		Max: 19.00 (0.46)
		Avg: 12.00 (0.29)
		Min: 0.00 (0.00)
		Histogram:
		[        0:      4.1) 1 ( 14.3%) |****************
		[      4.1:      8.2) 0 (  0.0%) |
		[      8.2:       12) 2 ( 28.6%) |*********************************
		[       12:       16) 3 ( 42.9%) |*************************************************
		[       16:       20) 1 ( 14.3%) |****************
		[       20:       25) 0 (  0.0%) |
		[       25:       29) 0 (  0.0%) |
		[       29:       33) 0 (  0.0%) |
		[       33:       37) 0 (  0.0%) |
		[       37:       41) 0 (  0.0%) |
	Output Pin Usage:
		Max: 8.00 (0.80)
		Avg: 5.71 (0.57)
		Min: 1.00 (0.10)
		Histogram:
		[        0:        1) 1 ( 14.3%) |*************************
		[        1:        2) 0 (  0.0%) |
		[        2:        3) 0 (  0.0%) |
		[        3:        4) 0 (  0.0%) |
		[        4:        5) 2 ( 28.6%) |*************************************************
		[        5:        6) 1 ( 14.3%) |*************************
		[        6:        7) 1 ( 14.3%) |*************************
		[        7:        8) 2 ( 28.6%) |*************************************************
		[        8:        9) 0 (  0.0%) |
		[        9:       10) 0 (  0.0%) |

