#Packing pin usage report
Type: io
	Input Pin Usage:
		Max: 1.00 (1.00)
		Avg: 0.57 (0.57)
		Min: 0.00 (0.00)
		Histogram:
		[        0:      0.1)  99 ( 43.2%) |************************************
		[      0.1:      0.2)   0 (  0.0%) |
		[      0.2:      0.3)   0 (  0.0%) |
		[      0.3:      0.4)   0 (  0.0%) |
		[      0.4:      0.5)   0 (  0.0%) |
		[      0.5:      0.6)   0 (  0.0%) |
		[      0.6:      0.7)   0 (  0.0%) |
		[      0.7:      0.8)   0 (  0.0%) |
		[      0.8:      0.9)   0 (  0.0%) |
		[      0.9:        1) 130 ( 56.8%) |***********************************************
	Output Pin Usage:
		Max: 1.00 (1.00)
		Avg: 0.43 (0.43)
		Min: 0.00 (0.00)
		Histogram:
		[        0:      0.1) 130 ( 56.8%) |***********************************************
		[      0.1:      0.2)   0 (  0.0%) |
		[      0.2:      0.3)   0 (  0.0%) |
		[      0.3:      0.4)   0 (  0.0%) |
		[      0.4:      0.5)   0 (  0.0%) |
		[      0.5:      0.6)   0 (  0.0%) |
		[      0.6:      0.7)   0 (  0.0%) |
		[      0.7:      0.8)   0 (  0.0%) |
		[      0.8:      0.9)   0 (  0.0%) |
		[      0.9:        1)  99 ( 43.2%) |************************************

Type: clb
	Input Pin Usage:
		Max: 28.00 (0.67)
		Avg: 13.52 (0.32)
		Min: 0.00 (0.00)
		Histogram:
		[        0:      4.2) 4 ( 19.0%) |***************************************
		[      4.2:      8.4) 0 (  0.0%) |
		[      8.4:       13) 5 ( 23.8%) |*************************************************
		[       13:       17) 4 ( 19.0%) |***************************************
		[       17:       21) 4 ( 19.0%) |***************************************
		[       21:       25) 3 ( 14.3%) |*****************************
		[       25:       29) 1 (  4.8%) |**********
		[       29:       34) 0 (  0.0%) |
		[       34:       38) 0 (  0.0%) |
		[       38:       42) 0 (  0.0%) |
	Output Pin Usage:
		Max: 18.00 (0.86)
		Avg: 6.86 (0.33)
		Min: 1.00 (0.05)
		Histogram:
		[        0:      2.1) 4 ( 19.0%) |*************************
		[      2.1:      4.2) 1 (  4.8%) |******
		[      4.2:      6.3) 8 ( 38.1%) |*************************************************
		[      6.3:      8.4) 3 ( 14.3%) |******************
		[      8.4:       10) 1 (  4.8%) |******
		[       10:       13) 0 (  0.0%) |
		[       13:       15) 2 (  9.5%) |************
		[       15:       17) 1 (  4.8%) |******
		[       17:       19) 1 (  4.8%) |******
		[       19:       21) 0 (  0.0%) |

