#Packing pin usage report
Type: io
	Input Pin Usage:
		Max: 1.00 (1.00)
		Avg: 0.49 (0.49)
		Min: 0.00 (0.00)
		Histogram:
		[        0:      0.1) 38 ( 51.4%) |************************************************
		[      0.1:      0.2)  0 (  0.0%) |
		[      0.2:      0.3)  0 (  0.0%) |
		[      0.3:      0.4)  0 (  0.0%) |
		[      0.4:      0.5)  0 (  0.0%) |
		[      0.5:      0.6)  0 (  0.0%) |
		[      0.6:      0.7)  0 (  0.0%) |
		[      0.7:      0.8)  0 (  0.0%) |
		[      0.8:      0.9)  0 (  0.0%) |
		[      0.9:        1) 36 ( 48.6%) |*********************************************
	Output Pin Usage:
		Max: 1.00 (1.00)
		Avg: 0.51 (0.51)
		Min: 0.00 (0.00)
		Histogram:
		[        0:      0.1) 36 ( 48.6%) |*********************************************
		[      0.1:      0.2)  0 (  0.0%) |
		[      0.2:      0.3)  0 (  0.0%) |
		[      0.3:      0.4)  0 (  0.0%) |
		[      0.4:      0.5)  0 (  0.0%) |
		[      0.5:      0.6)  0 (  0.0%) |
		[      0.6:      0.7)  0 (  0.0%) |
		[      0.7:      0.8)  0 (  0.0%) |
		[      0.8:      0.9)  0 (  0.0%) |
		[      0.9:        1) 38 ( 51.4%) |************************************************

Type: clb
	Input Pin Usage:
		Max: 33.00 (0.79)
		Avg: 19.48 (0.46)
		Min: 2.00 (0.05)
		Histogram:
		[        0:      4.2)  5 (  3.0%) |***
		[      4.2:      8.4)  4 (  2.4%) |***
		[      8.4:       13)  5 (  3.0%) |***
		[       13:       17) 26 ( 15.5%) |******************
		[       17:       21) 69 ( 41.1%) |************************************************
		[       21:       25) 39 ( 23.2%) |***************************
		[       25:       29)  9 (  5.4%) |******
		[       29:       34) 11 (  6.5%) |********
		[       34:       38)  0 (  0.0%) |
		[       38:       42)  0 (  0.0%) |
	Output Pin Usage:
		Max: 10.00 (0.48)
		Avg: 6.28 (0.30)
		Min: 1.00 (0.05)
		Histogram:
		[        0:      2.1) 11 (  6.5%) |*********
		[      2.1:      4.2) 40 ( 23.8%) |*********************************
		[      4.2:      6.3) 26 ( 15.5%) |**********************
		[      6.3:      8.4) 58 ( 34.5%) |************************************************
		[      8.4:       10) 33 ( 19.6%) |***************************
		[       10:       13)  0 (  0.0%) |
		[       13:       15)  0 (  0.0%) |
		[       15:       17)  0 (  0.0%) |
		[       17:       19)  0 (  0.0%) |
		[       19:       21)  0 (  0.0%) |

