#Packing pin usage report
Type: io
	Input Pin Usage:
		Max: 1.00 (1.00)
		Avg: 0.37 (0.37)
		Min: 0.00 (0.00)
		Histogram:
		[        0:      0.1) 162 ( 62.8%) |***********************************************
		[      0.1:      0.2)   0 (  0.0%) |
		[      0.2:      0.3)   0 (  0.0%) |
		[      0.3:      0.4)   0 (  0.0%) |
		[      0.4:      0.5)   0 (  0.0%) |
		[      0.5:      0.6)   0 (  0.0%) |
		[      0.6:      0.7)   0 (  0.0%) |
		[      0.7:      0.8)   0 (  0.0%) |
		[      0.8:      0.9)   0 (  0.0%) |
		[      0.9:        1)  96 ( 37.2%) |****************************
	Output Pin Usage:
		Max: 1.00 (1.00)
		Avg: 0.63 (0.63)
		Min: 0.00 (0.00)
		Histogram:
		[        0:      0.1)  96 ( 37.2%) |****************************
		[      0.1:      0.2)   0 (  0.0%) |
		[      0.2:      0.3)   0 (  0.0%) |
		[      0.3:      0.4)   0 (  0.0%) |
		[      0.4:      0.5)   0 (  0.0%) |
		[      0.5:      0.6)   0 (  0.0%) |
		[      0.6:      0.7)   0 (  0.0%) |
		[      0.7:      0.8)   0 (  0.0%) |
		[      0.8:      0.9)   0 (  0.0%) |
		[      0.9:        1) 162 ( 62.8%) |***********************************************

Type: clb
	Input Pin Usage:
		Max: 33.00 (0.79)
		Avg: 23.47 (0.56)
		Min: 0.00 (0.00)
		Histogram:
		[        0:      4.2)  1 (  2.8%) |***
		[      4.2:      8.4)  0 (  0.0%) |
		[      8.4:       13)  1 (  2.8%) |***
		[       13:       17)  3 (  8.3%) |*********
		[       17:       21)  2 (  5.6%) |******
		[       21:       25) 16 ( 44.4%) |************************************************
		[       25:       29)  8 ( 22.2%) |************************
		[       29:       34)  5 ( 13.9%) |***************
		[       34:       38)  0 (  0.0%) |
		[       38:       42)  0 (  0.0%) |
	Output Pin Usage:
		Max: 16.00 (0.76)
		Avg: 10.50 (0.50)
		Min: 1.00 (0.05)
		Histogram:
		[        0:      2.1)  1 (  2.8%) |****
		[      2.1:      4.2)  1 (  2.8%) |****
		[      4.2:      6.3)  2 (  5.6%) |*********
		[      6.3:      8.4)  2 (  5.6%) |*********
		[      8.4:       10) 11 ( 30.6%) |************************************************
		[       10:       13) 10 ( 27.8%) |********************************************
		[       13:       15)  6 ( 16.7%) |**************************
		[       15:       17)  3 (  8.3%) |*************
		[       17:       19)  0 (  0.0%) |
		[       19:       21)  0 (  0.0%) |

Type: mult_36
	Input Pin Usage:
		Max: 72.00 (1.00)
		Avg: 72.00 (1.00)
		Min: 72.00 (1.00)
		Histogram:
		[        0:      7.2) 0 (  0.0%) |
		[      7.2:       14) 0 (  0.0%) |
		[       14:       22) 0 (  0.0%) |
		[       22:       29) 0 (  0.0%) |
		[       29:       36) 0 (  0.0%) |
		[       36:       43) 0 (  0.0%) |
		[       43:       50) 0 (  0.0%) |
		[       50:       58) 0 (  0.0%) |
		[       58:       65) 0 (  0.0%) |
		[       65:       72) 5 (100.0%) |*************************************************
	Output Pin Usage:
		Max: 32.00 (0.44)
		Avg: 32.00 (0.44)
		Min: 32.00 (0.44)
		Histogram:
		[        0:      7.2) 0 (  0.0%) |
		[      7.2:       14) 0 (  0.0%) |
		[       14:       22) 0 (  0.0%) |
		[       22:       29) 0 (  0.0%) |
		[       29:       36) 5 (100.0%) |*************************************************
		[       36:       43) 0 (  0.0%) |
		[       43:       50) 0 (  0.0%) |
		[       50:       58) 0 (  0.0%) |
		[       58:       65) 0 (  0.0%) |
		[       65:       72) 0 (  0.0%) |

