#Packing pin usage report
Type: io
	Input Pin Usage:
		Max: 1.00 (1.00)
		Avg: 0.63 (0.63)
		Min: 0.00 (0.00)
		Histogram:
		[        0:      0.1) 26 ( 37.1%) |****************************
		[      0.1:      0.2)  0 (  0.0%) |
		[      0.2:      0.3)  0 (  0.0%) |
		[      0.3:      0.4)  0 (  0.0%) |
		[      0.4:      0.5)  0 (  0.0%) |
		[      0.5:      0.6)  0 (  0.0%) |
		[      0.6:      0.7)  0 (  0.0%) |
		[      0.7:      0.8)  0 (  0.0%) |
		[      0.8:      0.9)  0 (  0.0%) |
		[      0.9:        1) 44 ( 62.9%) |************************************************
	Output Pin Usage:
		Max: 1.00 (1.00)
		Avg: 0.37 (0.37)
		Min: 0.00 (0.00)
		Histogram:
		[        0:      0.1) 44 ( 62.9%) |************************************************
		[      0.1:      0.2)  0 (  0.0%) |
		[      0.2:      0.3)  0 (  0.0%) |
		[      0.3:      0.4)  0 (  0.0%) |
		[      0.4:      0.5)  0 (  0.0%) |
		[      0.5:      0.6)  0 (  0.0%) |
		[      0.6:      0.7)  0 (  0.0%) |
		[      0.7:      0.8)  0 (  0.0%) |
		[      0.8:      0.9)  0 (  0.0%) |
		[      0.9:        1) 26 ( 37.1%) |****************************

Type: clb
	Input Pin Usage:
		Max: 18.00 (0.44)
		Avg: 12.70 (0.31)
		Min: 0.00 (0.00)
		Histogram:
		[        0:      4.1) 2 ( 20.0%) |*********************************
		[      4.1:      8.2) 0 (  0.0%) |
		[      8.2:       12) 2 ( 20.0%) |*********************************
		[       12:       16) 3 ( 30.0%) |*************************************************
		[       16:       20) 3 ( 30.0%) |*************************************************
		[       20:       25) 0 (  0.0%) |
		[       25:       29) 0 (  0.0%) |
		[       29:       33) 0 (  0.0%) |
		[       33:       37) 0 (  0.0%) |
		[       37:       41) 0 (  0.0%) |
	Output Pin Usage:
		Max: 10.00 (1.00)
		Avg: 5.10 (0.51)
		Min: 1.00 (0.10)
		Histogram:
		[        0:        1) 1 ( 10.0%) |****************
		[        1:        2) 0 (  0.0%) |
		[        2:        3) 2 ( 20.0%) |*********************************
		[        3:        4) 2 ( 20.0%) |*********************************
		[        4:        5) 0 (  0.0%) |
		[        5:        6) 3 ( 30.0%) |*************************************************
		[        6:        7) 0 (  0.0%) |
		[        7:        8) 1 ( 10.0%) |****************
		[        8:        9) 0 (  0.0%) |
		[        9:       10) 1 ( 10.0%) |****************

