#Packing pin usage report
Type: io
	Input Pin Usage:
		Max: 1.00 (1.00)
		Avg: 0.49 (0.49)
		Min: 0.00 (0.00)
		Histogram:
		[        0:      0.1) 38 ( 51.4%) |************************************************
		[      0.1:      0.2)  0 (  0.0%) |
		[      0.2:      0.3)  0 (  0.0%) |
		[      0.3:      0.4)  0 (  0.0%) |
		[      0.4:      0.5)  0 (  0.0%) |
		[      0.5:      0.6)  0 (  0.0%) |
		[      0.6:      0.7)  0 (  0.0%) |
		[      0.7:      0.8)  0 (  0.0%) |
		[      0.8:      0.9)  0 (  0.0%) |
		[      0.9:        1) 36 ( 48.6%) |*********************************************
	Output Pin Usage:
		Max: 1.00 (1.00)
		Avg: 0.51 (0.51)
		Min: 0.00 (0.00)
		Histogram:
		[        0:      0.1) 36 ( 48.6%) |*********************************************
		[      0.1:      0.2)  0 (  0.0%) |
		[      0.2:      0.3)  0 (  0.0%) |
		[      0.3:      0.4)  0 (  0.0%) |
		[      0.4:      0.5)  0 (  0.0%) |
		[      0.5:      0.6)  0 (  0.0%) |
		[      0.6:      0.7)  0 (  0.0%) |
		[      0.7:      0.8)  0 (  0.0%) |
		[      0.8:      0.9)  0 (  0.0%) |
		[      0.9:        1) 38 ( 51.4%) |************************************************

Type: clb
	Input Pin Usage:
		Max: 33.00 (0.79)
		Avg: 20.76 (0.49)
		Min: 6.00 (0.14)
		Histogram:
		[        0:      4.2)  0 (  0.0%) |
		[      4.2:      8.4)  3 (  2.0%) |***
		[      8.4:       13)  3 (  2.0%) |***
		[       13:       17) 23 ( 15.6%) |*********************
		[       17:       21) 53 ( 36.1%) |************************************************
		[       21:       25) 33 ( 22.4%) |******************************
		[       25:       29) 18 ( 12.2%) |****************
		[       29:       34) 14 (  9.5%) |*************
		[       34:       38)  0 (  0.0%) |
		[       38:       42)  0 (  0.0%) |
	Output Pin Usage:
		Max: 13.00 (0.62)
		Avg: 6.97 (0.33)
		Min: 1.00 (0.05)
		Histogram:
		[        0:      2.1)  3 (  2.0%) |***
		[      2.1:      4.2) 41 ( 27.9%) |***********************************************
		[      4.2:      6.3) 15 ( 10.2%) |*****************
		[      6.3:      8.4) 42 ( 28.6%) |************************************************
		[      8.4:       10) 27 ( 18.4%) |*******************************
		[       10:       13) 16 ( 10.9%) |******************
		[       13:       15)  3 (  2.0%) |***
		[       15:       17)  0 (  0.0%) |
		[       17:       19)  0 (  0.0%) |
		[       19:       21)  0 (  0.0%) |

