#Packing pin usage report
Type: io
	Input Pin Usage:
		Max: 1.00 (1.00)
		Avg: 0.57 (0.57)
		Min: 0.00 (0.00)
		Histogram:
		[        0:      0.1)  99 ( 43.2%) |************************************
		[      0.1:      0.2)   0 (  0.0%) |
		[      0.2:      0.3)   0 (  0.0%) |
		[      0.3:      0.4)   0 (  0.0%) |
		[      0.4:      0.5)   0 (  0.0%) |
		[      0.5:      0.6)   0 (  0.0%) |
		[      0.6:      0.7)   0 (  0.0%) |
		[      0.7:      0.8)   0 (  0.0%) |
		[      0.8:      0.9)   0 (  0.0%) |
		[      0.9:        1) 130 ( 56.8%) |***********************************************
	Output Pin Usage:
		Max: 1.00 (1.00)
		Avg: 0.43 (0.43)
		Min: 0.00 (0.00)
		Histogram:
		[        0:      0.1) 130 ( 56.8%) |***********************************************
		[      0.1:      0.2)   0 (  0.0%) |
		[      0.2:      0.3)   0 (  0.0%) |
		[      0.3:      0.4)   0 (  0.0%) |
		[      0.4:      0.5)   0 (  0.0%) |
		[      0.5:      0.6)   0 (  0.0%) |
		[      0.6:      0.7)   0 (  0.0%) |
		[      0.7:      0.8)   0 (  0.0%) |
		[      0.8:      0.9)   0 (  0.0%) |
		[      0.9:        1)  99 ( 43.2%) |************************************

Type: clb
	Input Pin Usage:
		Max: 22.00 (0.52)
		Avg: 9.73 (0.23)
		Min: 0.00 (0.00)
		Histogram:
		[        0:      4.2)  4 ( 13.3%) |***************
		[      4.2:      8.4)  8 ( 26.7%) |******************************
		[      8.4:       13) 13 ( 43.3%) |************************************************
		[       13:       17)  3 ( 10.0%) |***********
		[       17:       21)  0 (  0.0%) |
		[       21:       25)  2 (  6.7%) |*******
		[       25:       29)  0 (  0.0%) |
		[       29:       34)  0 (  0.0%) |
		[       34:       38)  0 (  0.0%) |
		[       38:       42)  0 (  0.0%) |
	Output Pin Usage:
		Max: 9.00 (0.43)
		Avg: 4.43 (0.21)
		Min: 1.00 (0.05)
		Histogram:
		[        0:      2.1)  4 ( 13.3%) |***********
		[      2.1:      4.2) 17 ( 56.7%) |************************************************
		[      4.2:      6.3)  6 ( 20.0%) |*****************
		[      6.3:      8.4)  0 (  0.0%) |
		[      8.4:       10)  3 ( 10.0%) |********
		[       10:       13)  0 (  0.0%) |
		[       13:       15)  0 (  0.0%) |
		[       15:       17)  0 (  0.0%) |
		[       17:       19)  0 (  0.0%) |
		[       19:       21)  0 (  0.0%) |

